<?xml version="1.0" encoding="UTF-8"?>
<testsuite xmlns:xsi="http://www.w3.org/2001/XMLSchema-instance" xsi:noNamespaceSchemaLocation="https://maven.apache.org/surefire/maven-surefire-plugin/xsd/surefire-test-report.xsd" name="com.example.webscrapingfl.WebscrapingflApplicationTests" time="9.291" tests="1" errors="1" skipped="0" failures="0">
  <properties>
    <property name="java.specification.version" value="22"/>
    <property name="sun.jnu.encoding" value="UTF-8"/>
    <property name="java.class.path" value="/Users/vishnumadhav/Desktop/web-scrapper-selenium/target/test-classes:/Users/vishnumadhav/Desktop/web-scrapper-selenium/target/classes:/Users/vishnumadhav/.m2/repository/org/springframework/boot/spring-boot-starter-web/2.5.4/spring-boot-starter-web-2.5.4.jar:/Users/vishnumadhav/.m2/repository/org/springframework/boot/spring-boot-starter/2.5.4/spring-boot-starter-2.5.4.jar:/Users/vishnumadhav/.m2/repository/org/springframework/boot/spring-boot/2.5.4/spring-boot-2.5.4.jar:/Users/vishnumadhav/.m2/repository/org/springframework/boot/spring-boot-autoconfigure/2.5.4/spring-boot-autoconfigure-2.5.4.jar:/Users/vishnumadhav/.m2/repository/org/springframework/boot/spring-boot-starter-logging/2.5.4/spring-boot-starter-logging-2.5.4.jar:/Users/vishnumadhav/.m2/repository/ch/qos/logback/logback-classic/1.2.5/logback-classic-1.2.5.jar:/Users/vishnumadhav/.m2/repository/ch/qos/logback/logback-core/1.2.5/logback-core-1.2.5.jar:/Users/vishnumadhav/.m2/repository/org/apache/logging/log4j/log4j-to-slf4j/2.14.1/log4j-to-slf4j-2.14.1.jar:/Users/vishnumadhav/.m2/repository/org/apache/logging/log4j/log4j-api/2.14.1/log4j-api-2.14.1.jar:/Users/vishnumadhav/.m2/repository/org/slf4j/jul-to-slf4j/1.7.32/jul-to-slf4j-1.7.32.jar:/Users/vishnumadhav/.m2/repository/jakarta/annotation/jakarta.annotation-api/1.3.5/jakarta.annotation-api-1.3.5.jar:/Users/vishnumadhav/.m2/repository/org/yaml/snakeyaml/1.28/snakeyaml-1.28.jar:/Users/vishnumadhav/.m2/repository/org/springframework/boot/spring-boot-starter-json/2.5.4/spring-boot-starter-json-2.5.4.jar:/Users/vishnumadhav/.m2/repository/com/fasterxml/jackson/core/jackson-databind/2.12.4/jackson-databind-2.12.4.jar:/Users/vishnumadhav/.m2/repository/com/fasterxml/jackson/core/jackson-annotations/2.12.4/jackson-annotations-2.12.4.jar:/Users/vishnumadhav/.m2/repository/com/fasterxml/jackson/core/jackson-core/2.12.4/jackson-core-2.12.4.jar:/Users/vishnumadhav/.m2/repository/com/fasterxml/jackson/datatype/jackson-datatype-jdk8/2.12.4/jackson-datatype-jdk8-2.12.4.jar:/Users/vishnumadhav/.m2/repository/com/fasterxml/jackson/datatype/jackson-datatype-jsr310/2.12.4/jackson-datatype-jsr310-2.12.4.jar:/Users/vishnumadhav/.m2/repository/com/fasterxml/jackson/module/jackson-module-parameter-names/2.12.4/jackson-module-parameter-names-2.12.4.jar:/Users/vishnumadhav/.m2/repository/org/springframework/boot/spring-boot-starter-tomcat/2.5.4/spring-boot-starter-tomcat-2.5.4.jar:/Users/vishnumadhav/.m2/repository/org/apache/tomcat/embed/tomcat-embed-core/9.0.52/tomcat-embed-core-9.0.52.jar:/Users/vishnumadhav/.m2/repository/org/apache/tomcat/embed/tomcat-embed-el/9.0.52/tomcat-embed-el-9.0.52.jar:/Users/vishnumadhav/.m2/repository/org/apache/tomcat/embed/tomcat-embed-websocket/9.0.52/tomcat-embed-websocket-9.0.52.jar:/Users/vishnumadhav/.m2/repository/org/springframework/spring-web/5.3.9/spring-web-5.3.9.jar:/Users/vishnumadhav/.m2/repository/org/springframework/spring-beans/5.3.9/spring-beans-5.3.9.jar:/Users/vishnumadhav/.m2/repository/org/springframework/spring-webmvc/5.3.9/spring-webmvc-5.3.9.jar:/Users/vishnumadhav/.m2/repository/org/springframework/spring-aop/5.3.9/spring-aop-5.3.9.jar:/Users/vishnumadhav/.m2/repository/org/springframework/spring-context/5.3.9/spring-context-5.3.9.jar:/Users/vishnumadhav/.m2/repository/org/springframework/spring-expression/5.3.9/spring-expression-5.3.9.jar:/Users/vishnumadhav/.m2/repository/org/jsoup/jsoup/1.13.1/jsoup-1.13.1.jar:/Users/vishnumadhav/.m2/repository/org/seleniumhq/selenium/selenium-java/3.141.59/selenium-java-3.141.59.jar:/Users/vishnumadhav/.m2/repository/org/seleniumhq/selenium/selenium-api/3.141.59/selenium-api-3.141.59.jar:/Users/vishnumadhav/.m2/repository/org/seleniumhq/selenium/selenium-edge-driver/3.141.59/selenium-edge-driver-3.141.59.jar:/Users/vishnumadhav/.m2/repository/org/seleniumhq/selenium/selenium-firefox-driver/3.141.59/selenium-firefox-driver-3.141.59.jar:/Users/vishnumadhav/.m2/repository/org/seleniumhq/selenium/selenium-ie-driver/3.141.59/selenium-ie-driver-3.141.59.jar:/Users/vishnumadhav/.m2/repository/org/seleniumhq/selenium/selenium-opera-driver/3.141.59/selenium-opera-driver-3.141.59.jar:/Users/vishnumadhav/.m2/repository/org/seleniumhq/selenium/selenium-remote-driver/3.141.59/selenium-remote-driver-3.141.59.jar:/Users/vishnumadhav/.m2/repository/org/seleniumhq/selenium/selenium-safari-driver/3.141.59/selenium-safari-driver-3.141.59.jar:/Users/vishnumadhav/.m2/repository/net/bytebuddy/byte-buddy/1.10.22/byte-buddy-1.10.22.jar:/Users/vishnumadhav/.m2/repository/org/apache/commons/commons-exec/1.3/commons-exec-1.3.jar:/Users/vishnumadhav/.m2/repository/com/google/guava/guava/25.0-jre/guava-25.0-jre.jar:/Users/vishnumadhav/.m2/repository/com/google/code/findbugs/jsr305/1.3.9/jsr305-1.3.9.jar:/Users/vishnumadhav/.m2/repository/org/checkerframework/checker-compat-qual/2.0.0/checker-compat-qual-2.0.0.jar:/Users/vishnumadhav/.m2/repository/com/google/errorprone/error_prone_annotations/2.1.3/error_prone_annotations-2.1.3.jar:/Users/vishnumadhav/.m2/repository/com/google/j2objc/j2objc-annotations/1.1/j2objc-annotations-1.1.jar:/Users/vishnumadhav/.m2/repository/org/codehaus/mojo/animal-sniffer-annotations/1.14/animal-sniffer-annotations-1.14.jar:/Users/vishnumadhav/.m2/repository/com/squareup/okhttp3/okhttp/3.14.9/okhttp-3.14.9.jar:/Users/vishnumadhav/.m2/repository/com/squareup/okio/okio/1.14.0/okio-1.14.0.jar:/Users/vishnumadhav/.m2/repository/org/seleniumhq/selenium/selenium-chrome-driver/3.141.59/selenium-chrome-driver-3.141.59.jar:/Users/vishnumadhav/.m2/repository/com/amazonaws/aws-java-sdk/1.11.792/aws-java-sdk-1.11.792.jar:/Users/vishnumadhav/.m2/repository/com/amazonaws/aws-java-sdk-macie2/1.11.792/aws-java-sdk-macie2-1.11.792.jar:/Users/vishnumadhav/.m2/repository/com/amazonaws/jmespath-java/1.11.792/jmespath-java-1.11.792.jar:/Users/vishnumadhav/.m2/repository/com/amazonaws/aws-java-sdk-iotsitewise/1.11.792/aws-java-sdk-iotsitewise-1.11.792.jar:/Users/vishnumadhav/.m2/repository/com/amazonaws/aws-java-sdk-synthetics/1.11.792/aws-java-sdk-synthetics-1.11.792.jar:/Users/vishnumadhav/.m2/repository/com/amazonaws/aws-java-sdk-codestarconnections/1.11.792/aws-java-sdk-codestarconnections-1.11.792.jar:/Users/vishnumadhav/.m2/repository/com/amazonaws/aws-java-sdk-detective/1.11.792/aws-java-sdk-detective-1.11.792.jar:/Users/vishnumadhav/.m2/repository/com/amazonaws/aws-java-sdk-kinesisvideosignalingchannels/1.11.792/aws-java-sdk-kinesisvideosignalingchannels-1.11.792.jar:/Users/vishnumadhav/.m2/repository/com/amazonaws/aws-java-sdk-ebs/1.11.792/aws-java-sdk-ebs-1.11.792.jar:/Users/vishnumadhav/.m2/repository/com/amazonaws/aws-java-sdk-augmentedairuntime/1.11.792/aws-java-sdk-augmentedairuntime-1.11.792.jar:/Users/vishnumadhav/.m2/repository/com/amazonaws/aws-java-sdk-outposts/1.11.792/aws-java-sdk-outposts-1.11.792.jar:/Users/vishnumadhav/.m2/repository/com/amazonaws/aws-java-sdk-codeguruprofiler/1.11.792/aws-java-sdk-codeguruprofiler-1.11.792.jar:/Users/vishnumadhav/.m2/repository/com/amazonaws/aws-java-sdk-codegurureviewer/1.11.792/aws-java-sdk-codegurureviewer-1.11.792.jar:/Users/vishnumadhav/.m2/repository/com/amazonaws/aws-java-sdk-frauddetector/1.11.792/aws-java-sdk-frauddetector-1.11.792.jar:/Users/vishnumadhav/.m2/repository/com/amazonaws/aws-java-sdk-kendra/1.11.792/aws-java-sdk-kendra-1.11.792.jar:/Users/vishnumadhav/.m2/repository/com/amazonaws/aws-java-sdk-networkmanager/1.11.792/aws-java-sdk-networkmanager-1.11.792.jar:/Users/vishnumadhav/.m2/repository/com/amazonaws/aws-java-sdk-computeoptimizer/1.11.792/aws-java-sdk-computeoptimizer-1.11.792.jar:/Users/vishnumadhav/.m2/repository/com/amazonaws/aws-java-sdk-accessanalyzer/1.11.792/aws-java-sdk-accessanalyzer-1.11.792.jar:/Users/vishnumadhav/.m2/repository/com/amazonaws/aws-java-sdk-schemas/1.11.792/aws-java-sdk-schemas-1.11.792.jar:/Users/vishnumadhav/.m2/repository/com/amazonaws/aws-java-sdk-imagebuilder/1.11.792/aws-java-sdk-imagebuilder-1.11.792.jar:/Users/vishnumadhav/.m2/repository/com/amazonaws/aws-java-sdk-elasticinference/1.11.792/aws-java-sdk-elasticinference-1.11.792.jar:/Users/vishnumadhav/.m2/repository/com/amazonaws/aws-java-sdk-iotsecuretunneling/1.11.792/aws-java-sdk-iotsecuretunneling-1.11.792.jar:/Users/vishnumadhav/.m2/repository/com/amazonaws/aws-java-sdk-appconfig/1.11.792/aws-java-sdk-appconfig-1.11.792.jar:/Users/vishnumadhav/.m2/repository/com/amazonaws/aws-java-sdk-wafv2/1.11.792/aws-java-sdk-wafv2-1.11.792.jar:/Users/vishnumadhav/.m2/repository/com/amazonaws/aws-java-sdk-connectparticipant/1.11.792/aws-java-sdk-connectparticipant-1.11.792.jar:/Users/vishnumadhav/.m2/repository/com/amazonaws/aws-java-sdk-migrationhubconfig/1.11.792/aws-java-sdk-migrationhubconfig-1.11.792.jar:/Users/vishnumadhav/.m2/repository/com/amazonaws/aws-java-sdk-dataexchange/1.11.792/aws-java-sdk-dataexchange-1.11.792.jar:/Users/vishnumadhav/.m2/repository/com/amazonaws/aws-java-sdk-sesv2/1.11.792/aws-java-sdk-sesv2-1.11.792.jar:/Users/vishnumadhav/.m2/repository/com/amazonaws/aws-java-sdk-marketplacecatalog/1.11.792/aws-java-sdk-marketplacecatalog-1.11.792.jar:/Users/vishnumadhav/.m2/repository/com/amazonaws/aws-java-sdk-ssooidc/1.11.792/aws-java-sdk-ssooidc-1.11.792.jar:/Users/vishnumadhav/.m2/repository/com/amazonaws/aws-java-sdk-sso/1.11.792/aws-java-sdk-sso-1.11.792.jar:/Users/vishnumadhav/.m2/repository/com/amazonaws/aws-java-sdk-savingsplans/1.11.792/aws-java-sdk-savingsplans-1.11.792.jar:/Users/vishnumadhav/.m2/repository/com/amazonaws/aws-java-sdk-codestarnotifications/1.11.792/aws-java-sdk-codestarnotifications-1.11.792.jar:/Users/vishnumadhav/.m2/repository/com/amazonaws/aws-java-sdk-workmailmessageflow/1.11.792/aws-java-sdk-workmailmessageflow-1.11.792.jar:/Users/vishnumadhav/.m2/repository/com/amazonaws/aws-java-sdk-qldbsession/1.11.792/aws-java-sdk-qldbsession-1.11.792.jar:/Users/vishnumadhav/.m2/repository/com/amazonaws/aws-java-sdk-qldb/1.11.792/aws-java-sdk-qldb-1.11.792.jar:/Users/vishnumadhav/.m2/repository/com/amazonaws/aws-java-sdk-forecastquery/1.11.792/aws-java-sdk-forecastquery-1.11.792.jar:/Users/vishnumadhav/.m2/repository/com/amazonaws/aws-java-sdk-forecast/1.11.792/aws-java-sdk-forecast-1.11.792.jar:/Users/vishnumadhav/.m2/repository/com/amazonaws/aws-java-sdk-lakeformation/1.11.792/aws-java-sdk-lakeformation-1.11.792.jar:/Users/vishnumadhav/.m2/repository/com/amazonaws/aws-java-sdk-eventbridge/1.11.792/aws-java-sdk-eventbridge-1.11.792.jar:/Users/vishnumadhav/.m2/repository/com/amazonaws/aws-java-sdk-ec2instanceconnect/1.11.792/aws-java-sdk-ec2instanceconnect-1.11.792.jar:/Users/vishnumadhav/.m2/repository/com/amazonaws/aws-java-sdk-applicationinsights/1.11.792/aws-java-sdk-applicationinsights-1.11.792.jar:/Users/vishnumadhav/.m2/repository/com/amazonaws/aws-java-sdk-servicequotas/1.11.792/aws-java-sdk-servicequotas-1.11.792.jar:/Users/vishnumadhav/.m2/repository/com/amazonaws/aws-java-sdk-personalizeevents/1.11.792/aws-java-sdk-personalizeevents-1.11.792.jar:/Users/vishnumadhav/.m2/repository/com/amazonaws/aws-java-sdk-personalize/1.11.792/aws-java-sdk-personalize-1.11.792.jar:/Users/vishnumadhav/.m2/repository/com/amazonaws/aws-java-sdk-personalizeruntime/1.11.792/aws-java-sdk-personalizeruntime-1.11.792.jar:/Users/vishnumadhav/.m2/repository/com/amazonaws/aws-java-sdk-ioteventsdata/1.11.792/aws-java-sdk-ioteventsdata-1.11.792.jar:/Users/vishnumadhav/.m2/repository/com/amazonaws/aws-java-sdk-iotevents/1.11.792/aws-java-sdk-iotevents-1.11.792.jar:/Users/vishnumadhav/.m2/repository/com/amazonaws/aws-java-sdk-iotthingsgraph/1.11.792/aws-java-sdk-iotthingsgraph-1.11.792.jar:/Users/vishnumadhav/.m2/repository/com/amazonaws/aws-java-sdk-groundstation/1.11.792/aws-java-sdk-groundstation-1.11.792.jar:/Users/vishnumadhav/.m2/repository/com/amazonaws/aws-java-sdk-mediapackagevod/1.11.792/aws-java-sdk-mediapackagevod-1.11.792.jar:/Users/vishnumadhav/.m2/repository/com/amazonaws/aws-java-sdk-managedblockchain/1.11.792/aws-java-sdk-managedblockchain-1.11.792.jar:/Users/vishnumadhav/.m2/repository/com/amazonaws/aws-java-sdk-textract/1.11.792/aws-java-sdk-textract-1.11.792.jar:/Users/vishnumadhav/.m2/repository/com/amazonaws/aws-java-sdk-worklink/1.11.792/aws-java-sdk-worklink-1.11.792.jar:/Users/vishnumadhav/.m2/repository/com/amazonaws/aws-java-sdk-backup/1.11.792/aws-java-sdk-backup-1.11.792.jar:/Users/vishnumadhav/.m2/repository/com/amazonaws/aws-java-sdk-docdb/1.11.792/aws-java-sdk-docdb-1.11.792.jar:/Users/vishnumadhav/.m2/repository/com/amazonaws/aws-java-sdk-apigatewayv2/1.11.792/aws-java-sdk-apigatewayv2-1.11.792.jar:/Users/vishnumadhav/.m2/repository/com/amazonaws/aws-java-sdk-apigatewaymanagementapi/1.11.792/aws-java-sdk-apigatewaymanagementapi-1.11.792.jar:/Users/vishnumadhav/.m2/repository/com/amazonaws/aws-java-sdk-kafka/1.11.792/aws-java-sdk-kafka-1.11.792.jar:/Users/vishnumadhav/.m2/repository/com/amazonaws/aws-java-sdk-appmesh/1.11.792/aws-java-sdk-appmesh-1.11.792.jar:/Users/vishnumadhav/.m2/repository/com/amazonaws/aws-java-sdk-licensemanager/1.11.792/aws-java-sdk-licensemanager-1.11.792.jar:/Users/vishnumadhav/.m2/repository/com/amazonaws/aws-java-sdk-securityhub/1.11.792/aws-java-sdk-securityhub-1.11.792.jar:/Users/vishnumadhav/.m2/repository/com/amazonaws/aws-java-sdk-fsx/1.11.792/aws-java-sdk-fsx-1.11.792.jar:/Users/vishnumadhav/.m2/repository/com/amazonaws/aws-java-sdk-mediaconnect/1.11.792/aws-java-sdk-mediaconnect-1.11.792.jar:/Users/vishnumadhav/.m2/repository/com/amazonaws/aws-java-sdk-kinesisanalyticsv2/1.11.792/aws-java-sdk-kinesisanalyticsv2-1.11.792.jar:/Users/vishnumadhav/.m2/repository/com/amazonaws/aws-java-sdk-comprehendmedical/1.11.792/aws-java-sdk-comprehendmedical-1.11.792.jar:/Users/vishnumadhav/.m2/repository/com/amazonaws/aws-java-sdk-globalaccelerator/1.11.792/aws-java-sdk-globalaccelerator-1.11.792.jar:/Users/vishnumadhav/.m2/repository/com/amazonaws/aws-java-sdk-transfer/1.11.792/aws-java-sdk-transfer-1.11.792.jar:/Users/vishnumadhav/.m2/repository/com/amazonaws/aws-java-sdk-datasync/1.11.792/aws-java-sdk-datasync-1.11.792.jar:/Users/vishnumadhav/.m2/repository/com/amazonaws/aws-java-sdk-robomaker/1.11.792/aws-java-sdk-robomaker-1.11.792.jar:/Users/vishnumadhav/.m2/repository/com/amazonaws/aws-java-sdk-amplify/1.11.792/aws-java-sdk-amplify-1.11.792.jar:/Users/vishnumadhav/.m2/repository/com/amazonaws/aws-java-sdk-quicksight/1.11.792/aws-java-sdk-quicksight-1.11.792.jar:/Users/vishnumadhav/.m2/repository/com/amazonaws/aws-java-sdk-rdsdata/1.11.792/aws-java-sdk-rdsdata-1.11.792.jar:/Users/vishnumadhav/.m2/repository/com/amazonaws/aws-java-sdk-route53resolver/1.11.792/aws-java-sdk-route53resolver-1.11.792.jar:/Users/vishnumadhav/.m2/repository/com/amazonaws/aws-java-sdk-ram/1.11.792/aws-java-sdk-ram-1.11.792.jar:/Users/vishnumadhav/.m2/repository/com/amazonaws/aws-java-sdk-s3control/1.11.792/aws-java-sdk-s3control-1.11.792.jar:/Users/vishnumadhav/.m2/repository/com/amazonaws/aws-java-sdk-pinpointsmsvoice/1.11.792/aws-java-sdk-pinpointsmsvoice-1.11.792.jar:/Users/vishnumadhav/.m2/repository/com/amazonaws/aws-java-sdk-pinpointemail/1.11.792/aws-java-sdk-pinpointemail-1.11.792.jar:/Users/vishnumadhav/.m2/repository/com/amazonaws/aws-java-sdk-chime/1.11.792/aws-java-sdk-chime-1.11.792.jar:/Users/vishnumadhav/.m2/repository/com/amazonaws/aws-java-sdk-signer/1.11.792/aws-java-sdk-signer-1.11.792.jar:/Users/vishnumadhav/.m2/repository/com/amazonaws/aws-java-sdk-dlm/1.11.792/aws-java-sdk-dlm-1.11.792.jar:/Users/vishnumadhav/.m2/repository/com/amazonaws/aws-java-sdk-macie/1.11.792/aws-java-sdk-macie-1.11.792.jar:/Users/vishnumadhav/.m2/repository/com/amazonaws/aws-java-sdk-eks/1.11.792/aws-java-sdk-eks-1.11.792.jar:/Users/vishnumadhav/.m2/repository/com/amazonaws/aws-java-sdk-mediatailor/1.11.792/aws-java-sdk-mediatailor-1.11.792.jar:/Users/vishnumadhav/.m2/repository/com/amazonaws/aws-java-sdk-neptune/1.11.792/aws-java-sdk-neptune-1.11.792.jar:/Users/vishnumadhav/.m2/repository/com/amazonaws/aws-java-sdk-pi/1.11.792/aws-java-sdk-pi-1.11.792.jar:/Users/vishnumadhav/.m2/repository/com/amazonaws/aws-java-sdk-iot1clickprojects/1.11.792/aws-java-sdk-iot1clickprojects-1.11.792.jar:/Users/vishnumadhav/.m2/repository/com/amazonaws/aws-java-sdk-iot1clickdevices/1.11.792/aws-java-sdk-iot1clickdevices-1.11.792.jar:/Users/vishnumadhav/.m2/repository/com/amazonaws/aws-java-sdk-iotanalytics/1.11.792/aws-java-sdk-iotanalytics-1.11.792.jar:/Users/vishnumadhav/.m2/repository/com/amazonaws/aws-java-sdk-acmpca/1.11.792/aws-java-sdk-acmpca-1.11.792.jar:/Users/vishnumadhav/.m2/repository/com/amazonaws/aws-java-sdk-secretsmanager/1.11.792/aws-java-sdk-secretsmanager-1.11.792.jar:/Users/vishnumadhav/.m2/repository/com/amazonaws/aws-java-sdk-fms/1.11.792/aws-java-sdk-fms-1.11.792.jar:/Users/vishnumadhav/.m2/repository/com/amazonaws/aws-java-sdk-connect/1.11.792/aws-java-sdk-connect-1.11.792.jar:/Users/vishnumadhav/.m2/repository/com/amazonaws/aws-java-sdk-transcribe/1.11.792/aws-java-sdk-transcribe-1.11.792.jar:/Users/vishnumadhav/.m2/repository/com/amazonaws/aws-java-sdk-autoscalingplans/1.11.792/aws-java-sdk-autoscalingplans-1.11.792.jar:/Users/vishnumadhav/.m2/repository/com/amazonaws/aws-java-sdk-workmail/1.11.792/aws-java-sdk-workmail-1.11.792.jar:/Users/vishnumadhav/.m2/repository/com/amazonaws/aws-java-sdk-servicediscovery/1.11.792/aws-java-sdk-servicediscovery-1.11.792.jar:/Users/vishnumadhav/.m2/repository/com/amazonaws/aws-java-sdk-cloud9/1.11.792/aws-java-sdk-cloud9-1.11.792.jar:/Users/vishnumadhav/.m2/repository/com/amazonaws/aws-java-sdk-serverlessapplicationrepository/1.11.792/aws-java-sdk-serverlessapplicationrepository-1.11.792.jar:/Users/vishnumadhav/.m2/repository/com/amazonaws/aws-java-sdk-alexaforbusiness/1.11.792/aws-java-sdk-alexaforbusiness-1.11.792.jar:/Users/vishnumadhav/.m2/repository/com/amazonaws/aws-java-sdk-resourcegroups/1.11.792/aws-java-sdk-resourcegroups-1.11.792.jar:/Users/vishnumadhav/.m2/repository/com/amazonaws/aws-java-sdk-comprehend/1.11.792/aws-java-sdk-comprehend-1.11.792.jar:/Users/vishnumadhav/.m2/repository/com/amazonaws/aws-java-sdk-translate/1.11.792/aws-java-sdk-translate-1.11.792.jar:/Users/vishnumadhav/.m2/repository/com/amazonaws/aws-java-sdk-sagemaker/1.11.792/aws-java-sdk-sagemaker-1.11.792.jar:/Users/vishnumadhav/.m2/repository/com/amazonaws/aws-java-sdk-iotjobsdataplane/1.11.792/aws-java-sdk-iotjobsdataplane-1.11.792.jar:/Users/vishnumadhav/.m2/repository/com/amazonaws/aws-java-sdk-sagemakerruntime/1.11.792/aws-java-sdk-sagemakerruntime-1.11.792.jar:/Users/vishnumadhav/.m2/repository/com/amazonaws/aws-java-sdk-kinesisvideo/1.11.792/aws-java-sdk-kinesisvideo-1.11.792.jar:/Users/vishnumadhav/.m2/repository/io/netty/netty-codec-http/4.1.67.Final/netty-codec-http-4.1.67.Final.jar:/Users/vishnumadhav/.m2/repository/io/netty/netty-common/4.1.67.Final/netty-common-4.1.67.Final.jar:/Users/vishnumadhav/.m2/repository/io/netty/netty-buffer/4.1.67.Final/netty-buffer-4.1.67.Final.jar:/Users/vishnumadhav/.m2/repository/io/netty/netty-transport/4.1.67.Final/netty-transport-4.1.67.Final.jar:/Users/vishnumadhav/.m2/repository/io/netty/netty-codec/4.1.67.Final/netty-codec-4.1.67.Final.jar:/Users/vishnumadhav/.m2/repository/io/netty/netty-handler/4.1.67.Final/netty-handler-4.1.67.Final.jar:/Users/vishnumadhav/.m2/repository/io/netty/netty-resolver/4.1.67.Final/netty-resolver-4.1.67.Final.jar:/Users/vishnumadhav/.m2/repository/com/amazonaws/aws-java-sdk-appsync/1.11.792/aws-java-sdk-appsync-1.11.792.jar:/Users/vishnumadhav/.m2/repository/com/amazonaws/aws-java-sdk-guardduty/1.11.792/aws-java-sdk-guardduty-1.11.792.jar:/Users/vishnumadhav/.m2/repository/com/amazonaws/aws-java-sdk-mq/1.11.792/aws-java-sdk-mq-1.11.792.jar:/Users/vishnumadhav/.m2/repository/com/amazonaws/aws-java-sdk-mediaconvert/1.11.792/aws-java-sdk-mediaconvert-1.11.792.jar:/Users/vishnumadhav/.m2/repository/com/amazonaws/aws-java-sdk-mediastore/1.11.792/aws-java-sdk-mediastore-1.11.792.jar:/Users/vishnumadhav/.m2/repository/com/amazonaws/aws-java-sdk-mediastoredata/1.11.792/aws-java-sdk-mediastoredata-1.11.792.jar:/Users/vishnumadhav/.m2/repository/com/amazonaws/aws-java-sdk-medialive/1.11.792/aws-java-sdk-medialive-1.11.792.jar:/Users/vishnumadhav/.m2/repository/com/amazonaws/aws-java-sdk-mediapackage/1.11.792/aws-java-sdk-mediapackage-1.11.792.jar:/Users/vishnumadhav/.m2/repository/com/amazonaws/aws-java-sdk-costexplorer/1.11.792/aws-java-sdk-costexplorer-1.11.792.jar:/Users/vishnumadhav/.m2/repository/com/amazonaws/aws-java-sdk-pricing/1.11.792/aws-java-sdk-pricing-1.11.792.jar:/Users/vishnumadhav/.m2/repository/com/amazonaws/aws-java-sdk-mobile/1.11.792/aws-java-sdk-mobile-1.11.792.jar:/Users/vishnumadhav/.m2/repository/com/amazonaws/aws-java-sdk-cloudhsmv2/1.11.792/aws-java-sdk-cloudhsmv2-1.11.792.jar:/Users/vishnumadhav/.m2/repository/com/amazonaws/aws-java-sdk-glue/1.11.792/aws-java-sdk-glue-1.11.792.jar:/Users/vishnumadhav/.m2/repository/com/amazonaws/aws-java-sdk-migrationhub/1.11.792/aws-java-sdk-migrationhub-1.11.792.jar:/Users/vishnumadhav/.m2/repository/com/amazonaws/aws-java-sdk-dax/1.11.792/aws-java-sdk-dax-1.11.792.jar:/Users/vishnumadhav/.m2/repository/com/amazonaws/aws-java-sdk-greengrass/1.11.792/aws-java-sdk-greengrass-1.11.792.jar:/Users/vishnumadhav/.m2/repository/com/amazonaws/aws-java-sdk-athena/1.11.792/aws-java-sdk-athena-1.11.792.jar:/Users/vishnumadhav/.m2/repository/com/amazonaws/aws-java-sdk-marketplaceentitlement/1.11.792/aws-java-sdk-marketplaceentitlement-1.11.792.jar:/Users/vishnumadhav/.m2/repository/com/amazonaws/aws-java-sdk-codestar/1.11.792/aws-java-sdk-codestar-1.11.792.jar:/Users/vishnumadhav/.m2/repository/com/amazonaws/aws-java-sdk-lexmodelbuilding/1.11.792/aws-java-sdk-lexmodelbuilding-1.11.792.jar:/Users/vishnumadhav/.m2/repository/com/amazonaws/aws-java-sdk-resourcegroupstaggingapi/1.11.792/aws-java-sdk-resourcegroupstaggingapi-1.11.792.jar:/Users/vishnumadhav/.m2/repository/com/amazonaws/aws-java-sdk-pinpoint/1.11.792/aws-java-sdk-pinpoint-1.11.792.jar:/Users/vishnumadhav/.m2/repository/com/amazonaws/aws-java-sdk-xray/1.11.792/aws-java-sdk-xray-1.11.792.jar:/Users/vishnumadhav/.m2/repository/com/amazonaws/aws-java-sdk-opsworkscm/1.11.792/aws-java-sdk-opsworkscm-1.11.792.jar:/Users/vishnumadhav/.m2/repository/com/amazonaws/aws-java-sdk-support/1.11.792/aws-java-sdk-support-1.11.792.jar:/Users/vishnumadhav/.m2/repository/com/amazonaws/aws-java-sdk-simpledb/1.11.792/aws-java-sdk-simpledb-1.11.792.jar:/Users/vishnumadhav/.m2/repository/com/amazonaws/aws-java-sdk-servicecatalog/1.11.792/aws-java-sdk-servicecatalog-1.11.792.jar:/Users/vishnumadhav/.m2/repository/com/amazonaws/aws-java-sdk-servermigration/1.11.792/aws-java-sdk-servermigration-1.11.792.jar:/Users/vishnumadhav/.m2/repository/com/amazonaws/aws-java-sdk-simpleworkflow/1.11.792/aws-java-sdk-simpleworkflow-1.11.792.jar:/Users/vishnumadhav/.m2/repository/com/amazonaws/aws-java-sdk-storagegateway/1.11.792/aws-java-sdk-storagegateway-1.11.792.jar:/Users/vishnumadhav/.m2/repository/com/amazonaws/aws-java-sdk-route53/1.11.792/aws-java-sdk-route53-1.11.792.jar:/Users/vishnumadhav/.m2/repository/com/amazonaws/aws-java-sdk-s3/1.11.792/aws-java-sdk-s3-1.11.792.jar:/Users/vishnumadhav/.m2/repository/com/amazonaws/aws-java-sdk-importexport/1.11.792/aws-java-sdk-importexport-1.11.792.jar:/Users/vishnumadhav/.m2/repository/com/amazonaws/aws-java-sdk-sts/1.11.792/aws-java-sdk-sts-1.11.792.jar:/Users/vishnumadhav/.m2/repository/com/amazonaws/aws-java-sdk-sqs/1.11.792/aws-java-sdk-sqs-1.11.792.jar:/Users/vishnumadhav/.m2/repository/com/amazonaws/aws-java-sdk-rds/1.11.792/aws-java-sdk-rds-1.11.792.jar:/Users/vishnumadhav/.m2/repository/com/amazonaws/aws-java-sdk-redshift/1.11.792/aws-java-sdk-redshift-1.11.792.jar:/Users/vishnumadhav/.m2/repository/com/amazonaws/aws-java-sdk-elasticbeanstalk/1.11.792/aws-java-sdk-elasticbeanstalk-1.11.792.jar:/Users/vishnumadhav/.m2/repository/com/amazonaws/aws-java-sdk-glacier/1.11.792/aws-java-sdk-glacier-1.11.792.jar:/Users/vishnumadhav/.m2/repository/com/amazonaws/aws-java-sdk-iam/1.11.792/aws-java-sdk-iam-1.11.792.jar:/Users/vishnumadhav/.m2/repository/com/amazonaws/aws-java-sdk-datapipeline/1.11.792/aws-java-sdk-datapipeline-1.11.792.jar:/Users/vishnumadhav/.m2/repository/com/amazonaws/aws-java-sdk-elasticloadbalancing/1.11.792/aws-java-sdk-elasticloadbalancing-1.11.792.jar:/Users/vishnumadhav/.m2/repository/com/amazonaws/aws-java-sdk-elasticloadbalancingv2/1.11.792/aws-java-sdk-elasticloadbalancingv2-1.11.792.jar:/Users/vishnumadhav/.m2/repository/com/amazonaws/aws-java-sdk-emr/1.11.792/aws-java-sdk-emr-1.11.792.jar:/Users/vishnumadhav/.m2/repository/com/amazonaws/aws-java-sdk-elasticache/1.11.792/aws-java-sdk-elasticache-1.11.792.jar:/Users/vishnumadhav/.m2/repository/com/amazonaws/aws-java-sdk-elastictranscoder/1.11.792/aws-java-sdk-elastictranscoder-1.11.792.jar:/Users/vishnumadhav/.m2/repository/com/amazonaws/aws-java-sdk-ec2/1.11.792/aws-java-sdk-ec2-1.11.792.jar:/Users/vishnumadhav/.m2/repository/com/amazonaws/aws-java-sdk-dynamodb/1.11.792/aws-java-sdk-dynamodb-1.11.792.jar:/Users/vishnumadhav/.m2/repository/com/amazonaws/aws-java-sdk-sns/1.11.792/aws-java-sdk-sns-1.11.792.jar:/Users/vishnumadhav/.m2/repository/com/amazonaws/aws-java-sdk-budgets/1.11.792/aws-java-sdk-budgets-1.11.792.jar:/Users/vishnumadhav/.m2/repository/com/amazonaws/aws-java-sdk-cloudtrail/1.11.792/aws-java-sdk-cloudtrail-1.11.792.jar:/Users/vishnumadhav/.m2/repository/com/amazonaws/aws-java-sdk-cloudwatch/1.11.792/aws-java-sdk-cloudwatch-1.11.792.jar:/Users/vishnumadhav/.m2/repository/com/amazonaws/aws-java-sdk-logs/1.11.792/aws-java-sdk-logs-1.11.792.jar:/Users/vishnumadhav/.m2/repository/com/amazonaws/aws-java-sdk-events/1.11.792/aws-java-sdk-events-1.11.792.jar:/Users/vishnumadhav/.m2/repository/com/amazonaws/aws-java-sdk-cognitoidentity/1.11.792/aws-java-sdk-cognitoidentity-1.11.792.jar:/Users/vishnumadhav/.m2/repository/com/amazonaws/aws-java-sdk-cognitosync/1.11.792/aws-java-sdk-cognitosync-1.11.792.jar:/Users/vishnumadhav/.m2/repository/com/amazonaws/aws-java-sdk-directconnect/1.11.792/aws-java-sdk-directconnect-1.11.792.jar:/Users/vishnumadhav/.m2/repository/com/amazonaws/aws-java-sdk-cloudformation/1.11.792/aws-java-sdk-cloudformation-1.11.792.jar:/Users/vishnumadhav/.m2/repository/com/amazonaws/aws-java-sdk-cloudfront/1.11.792/aws-java-sdk-cloudfront-1.11.792.jar:/Users/vishnumadhav/.m2/repository/com/amazonaws/aws-java-sdk-clouddirectory/1.11.792/aws-java-sdk-clouddirectory-1.11.792.jar:/Users/vishnumadhav/.m2/repository/com/amazonaws/aws-java-sdk-kinesis/1.11.792/aws-java-sdk-kinesis-1.11.792.jar:/Users/vishnumadhav/.m2/repository/com/amazonaws/aws-java-sdk-opsworks/1.11.792/aws-java-sdk-opsworks-1.11.792.jar:/Users/vishnumadhav/.m2/repository/com/amazonaws/aws-java-sdk-ses/1.11.792/aws-java-sdk-ses-1.11.792.jar:/Users/vishnumadhav/.m2/repository/com/amazonaws/aws-java-sdk-autoscaling/1.11.792/aws-java-sdk-autoscaling-1.11.792.jar:/Users/vishnumadhav/.m2/repository/com/amazonaws/aws-java-sdk-cloudsearch/1.11.792/aws-java-sdk-cloudsearch-1.11.792.jar:/Users/vishnumadhav/.m2/repository/com/amazonaws/aws-java-sdk-cloudwatchmetrics/1.11.792/aws-java-sdk-cloudwatchmetrics-1.11.792.jar:/Users/vishnumadhav/.m2/repository/com/amazonaws/aws-java-sdk-codedeploy/1.11.792/aws-java-sdk-codedeploy-1.11.792.jar:/Users/vishnumadhav/.m2/repository/com/amazonaws/aws-java-sdk-codepipeline/1.11.792/aws-java-sdk-codepipeline-1.11.792.jar:/Users/vishnumadhav/.m2/repository/com/amazonaws/aws-java-sdk-kms/1.11.792/aws-java-sdk-kms-1.11.792.jar:/Users/vishnumadhav/.m2/repository/com/amazonaws/aws-java-sdk-config/1.11.792/aws-java-sdk-config-1.11.792.jar:/Users/vishnumadhav/.m2/repository/com/amazonaws/aws-java-sdk-lambda/1.11.792/aws-java-sdk-lambda-1.11.792.jar:/Users/vishnumadhav/.m2/repository/com/amazonaws/aws-java-sdk-ecs/1.11.792/aws-java-sdk-ecs-1.11.792.jar:/Users/vishnumadhav/.m2/repository/com/amazonaws/aws-java-sdk-ecr/1.11.792/aws-java-sdk-ecr-1.11.792.jar:/Users/vishnumadhav/.m2/repository/com/amazonaws/aws-java-sdk-cloudhsm/1.11.792/aws-java-sdk-cloudhsm-1.11.792.jar:/Users/vishnumadhav/.m2/repository/com/amazonaws/aws-java-sdk-ssm/1.11.792/aws-java-sdk-ssm-1.11.792.jar:/Users/vishnumadhav/.m2/repository/com/amazonaws/aws-java-sdk-workspaces/1.11.792/aws-java-sdk-workspaces-1.11.792.jar:/Users/vishnumadhav/.m2/repository/com/amazonaws/aws-java-sdk-machinelearning/1.11.792/aws-java-sdk-machinelearning-1.11.792.jar:/Users/vishnumadhav/.m2/repository/com/amazonaws/aws-java-sdk-directory/1.11.792/aws-java-sdk-directory-1.11.792.jar:/Users/vishnumadhav/.m2/repository/com/amazonaws/aws-java-sdk-efs/1.11.792/aws-java-sdk-efs-1.11.792.jar:/Users/vishnumadhav/.m2/repository/com/amazonaws/aws-java-sdk-codecommit/1.11.792/aws-java-sdk-codecommit-1.11.792.jar:/Users/vishnumadhav/.m2/repository/com/amazonaws/aws-java-sdk-devicefarm/1.11.792/aws-java-sdk-devicefarm-1.11.792.jar:/Users/vishnumadhav/.m2/repository/com/amazonaws/aws-java-sdk-elasticsearch/1.11.792/aws-java-sdk-elasticsearch-1.11.792.jar:/Users/vishnumadhav/.m2/repository/com/amazonaws/aws-java-sdk-waf/1.11.792/aws-java-sdk-waf-1.11.792.jar:/Users/vishnumadhav/.m2/repository/com/amazonaws/aws-java-sdk-marketplacecommerceanalytics/1.11.792/aws-java-sdk-marketplacecommerceanalytics-1.11.792.jar:/Users/vishnumadhav/.m2/repository/com/amazonaws/aws-java-sdk-inspector/1.11.792/aws-java-sdk-inspector-1.11.792.jar:/Users/vishnumadhav/.m2/repository/com/amazonaws/aws-java-sdk-iot/1.11.792/aws-java-sdk-iot-1.11.792.jar:/Users/vishnumadhav/.m2/repository/com/amazonaws/aws-java-sdk-api-gateway/1.11.792/aws-java-sdk-api-gateway-1.11.792.jar:/Users/vishnumadhav/.m2/repository/com/amazonaws/aws-java-sdk-acm/1.11.792/aws-java-sdk-acm-1.11.792.jar:/Users/vishnumadhav/.m2/repository/com/amazonaws/aws-java-sdk-gamelift/1.11.792/aws-java-sdk-gamelift-1.11.792.jar:/Users/vishnumadhav/.m2/repository/com/amazonaws/aws-java-sdk-dms/1.11.792/aws-java-sdk-dms-1.11.792.jar:/Users/vishnumadhav/.m2/repository/com/amazonaws/aws-java-sdk-marketplacemeteringservice/1.11.792/aws-java-sdk-marketplacemeteringservice-1.11.792.jar:/Users/vishnumadhav/.m2/repository/com/amazonaws/aws-java-sdk-cognitoidp/1.11.792/aws-java-sdk-cognitoidp-1.11.792.jar:/Users/vishnumadhav/.m2/repository/com/amazonaws/aws-java-sdk-discovery/1.11.792/aws-java-sdk-discovery-1.11.792.jar:/Users/vishnumadhav/.m2/repository/com/amazonaws/aws-java-sdk-applicationautoscaling/1.11.792/aws-java-sdk-applicationautoscaling-1.11.792.jar:/Users/vishnumadhav/.m2/repository/com/amazonaws/aws-java-sdk-snowball/1.11.792/aws-java-sdk-snowball-1.11.792.jar:/Users/vishnumadhav/.m2/repository/com/amazonaws/aws-java-sdk-rekognition/1.11.792/aws-java-sdk-rekognition-1.11.792.jar:/Users/vishnumadhav/.m2/repository/com/amazonaws/aws-java-sdk-polly/1.11.792/aws-java-sdk-polly-1.11.792.jar:/Users/vishnumadhav/.m2/repository/com/amazonaws/aws-java-sdk-lightsail/1.11.792/aws-java-sdk-lightsail-1.11.792.jar:/Users/vishnumadhav/.m2/repository/com/amazonaws/aws-java-sdk-stepfunctions/1.11.792/aws-java-sdk-stepfunctions-1.11.792.jar:/Users/vishnumadhav/.m2/repository/com/amazonaws/aws-java-sdk-health/1.11.792/aws-java-sdk-health-1.11.792.jar:/Users/vishnumadhav/.m2/repository/com/amazonaws/aws-java-sdk-costandusagereport/1.11.792/aws-java-sdk-costandusagereport-1.11.792.jar:/Users/vishnumadhav/.m2/repository/com/amazonaws/aws-java-sdk-codebuild/1.11.792/aws-java-sdk-codebuild-1.11.792.jar:/Users/vishnumadhav/.m2/repository/com/amazonaws/aws-java-sdk-appstream/1.11.792/aws-java-sdk-appstream-1.11.792.jar:/Users/vishnumadhav/.m2/repository/com/amazonaws/aws-java-sdk-shield/1.11.792/aws-java-sdk-shield-1.11.792.jar:/Users/vishnumadhav/.m2/repository/com/amazonaws/aws-java-sdk-batch/1.11.792/aws-java-sdk-batch-1.11.792.jar:/Users/vishnumadhav/.m2/repository/com/amazonaws/aws-java-sdk-lex/1.11.792/aws-java-sdk-lex-1.11.792.jar:/Users/vishnumadhav/.m2/repository/com/amazonaws/aws-java-sdk-mechanicalturkrequester/1.11.792/aws-java-sdk-mechanicalturkrequester-1.11.792.jar:/Users/vishnumadhav/.m2/repository/com/amazonaws/aws-java-sdk-organizations/1.11.792/aws-java-sdk-organizations-1.11.792.jar:/Users/vishnumadhav/.m2/repository/com/amazonaws/aws-java-sdk-workdocs/1.11.792/aws-java-sdk-workdocs-1.11.792.jar:/Users/vishnumadhav/.m2/repository/com/amazonaws/aws-java-sdk-core/1.11.792/aws-java-sdk-core-1.11.792.jar:/Users/vishnumadhav/.m2/repository/commons-logging/commons-logging/1.1.3/commons-logging-1.1.3.jar:/Users/vishnumadhav/.m2/repository/org/apache/httpcomponents/httpclient/4.5.13/httpclient-4.5.13.jar:/Users/vishnumadhav/.m2/repository/org/apache/httpcomponents/httpcore/4.4.14/httpcore-4.4.14.jar:/Users/vishnumadhav/.m2/repository/commons-codec/commons-codec/1.15/commons-codec-1.15.jar:/Users/vishnumadhav/.m2/repository/software/amazon/ion/ion-java/1.0.2/ion-java-1.0.2.jar:/Users/vishnumadhav/.m2/repository/com/fasterxml/jackson/dataformat/jackson-dataformat-cbor/2.12.4/jackson-dataformat-cbor-2.12.4.jar:/Users/vishnumadhav/.m2/repository/joda-time/joda-time/2.8.1/joda-time-2.8.1.jar:/Users/vishnumadhav/.m2/repository/com/amazonaws/aws-java-sdk-models/1.11.792/aws-java-sdk-models-1.11.792.jar:/Users/vishnumadhav/.m2/repository/com/amazonaws/aws-java-sdk-swf-libraries/1.11.22/aws-java-sdk-swf-libraries-1.11.22.jar:/Users/vishnumadhav/.m2/repository/mysql/mysql-connector-java/8.0.26/mysql-connector-java-8.0.26.jar:/Users/vishnumadhav/.m2/repository/com/opencsv/opencsv/5.5/opencsv-5.5.jar:/Users/vishnumadhav/.m2/repository/org/apache/commons/commons-lang3/3.12.0/commons-lang3-3.12.0.jar:/Users/vishnumadhav/.m2/repository/org/apache/commons/commons-text/1.9/commons-text-1.9.jar:/Users/vishnumadhav/.m2/repository/commons-beanutils/commons-beanutils/1.9.4/commons-beanutils-1.9.4.jar:/Users/vishnumadhav/.m2/repository/commons-collections/commons-collections/3.2.2/commons-collections-3.2.2.jar:/Users/vishnumadhav/.m2/repository/org/apache/commons/commons-collections4/4.4/commons-collections4-4.4.jar:/Users/vishnumadhav/.m2/repository/org/seleniumhq/selenium/selenium-support/3.141.59/selenium-support-3.141.59.jar:/Users/vishnumadhav/.m2/repository/org/springframework/boot/spring-boot-starter-test/2.5.4/spring-boot-starter-test-2.5.4.jar:/Users/vishnumadhav/.m2/repository/org/springframework/boot/spring-boot-test/2.5.4/spring-boot-test-2.5.4.jar:/Users/vishnumadhav/.m2/repository/org/springframework/boot/spring-boot-test-autoconfigure/2.5.4/spring-boot-test-autoconfigure-2.5.4.jar:/Users/vishnumadhav/.m2/repository/com/jayway/jsonpath/json-path/2.5.0/json-path-2.5.0.jar:/Users/vishnumadhav/.m2/repository/net/minidev/json-smart/2.4.7/json-smart-2.4.7.jar:/Users/vishnumadhav/.m2/repository/net/minidev/accessors-smart/2.4.7/accessors-smart-2.4.7.jar:/Users/vishnumadhav/.m2/repository/org/ow2/asm/asm/9.1/asm-9.1.jar:/Users/vishnumadhav/.m2/repository/org/slf4j/slf4j-api/1.7.32/slf4j-api-1.7.32.jar:/Users/vishnumadhav/.m2/repository/jakarta/xml/bind/jakarta.xml.bind-api/2.3.3/jakarta.xml.bind-api-2.3.3.jar:/Users/vishnumadhav/.m2/repository/jakarta/activation/jakarta.activation-api/1.2.2/jakarta.activation-api-1.2.2.jar:/Users/vishnumadhav/.m2/repository/org/assertj/assertj-core/3.19.0/assertj-core-3.19.0.jar:/Users/vishnumadhav/.m2/repository/org/hamcrest/hamcrest/2.2/hamcrest-2.2.jar:/Users/vishnumadhav/.m2/repository/org/junit/jupiter/junit-jupiter/5.7.2/junit-jupiter-5.7.2.jar:/Users/vishnumadhav/.m2/repository/org/junit/jupiter/junit-jupiter-api/5.7.2/junit-jupiter-api-5.7.2.jar:/Users/vishnumadhav/.m2/repository/org/apiguardian/apiguardian-api/1.1.0/apiguardian-api-1.1.0.jar:/Users/vishnumadhav/.m2/repository/org/opentest4j/opentest4j/1.2.0/opentest4j-1.2.0.jar:/Users/vishnumadhav/.m2/repository/org/junit/platform/junit-platform-commons/1.7.2/junit-platform-commons-1.7.2.jar:/Users/vishnumadhav/.m2/repository/org/junit/jupiter/junit-jupiter-params/5.7.2/junit-jupiter-params-5.7.2.jar:/Users/vishnumadhav/.m2/repository/org/junit/jupiter/junit-jupiter-engine/5.7.2/junit-jupiter-engine-5.7.2.jar:/Users/vishnumadhav/.m2/repository/org/junit/platform/junit-platform-engine/1.7.2/junit-platform-engine-1.7.2.jar:/Users/vishnumadhav/.m2/repository/org/mockito/mockito-core/3.9.0/mockito-core-3.9.0.jar:/Users/vishnumadhav/.m2/repository/net/bytebuddy/byte-buddy-agent/1.10.22/byte-buddy-agent-1.10.22.jar:/Users/vishnumadhav/.m2/repository/org/objenesis/objenesis/3.2/objenesis-3.2.jar:/Users/vishnumadhav/.m2/repository/org/mockito/mockito-junit-jupiter/3.9.0/mockito-junit-jupiter-3.9.0.jar:/Users/vishnumadhav/.m2/repository/org/skyscreamer/jsonassert/1.5.0/jsonassert-1.5.0.jar:/Users/vishnumadhav/.m2/repository/com/vaadin/external/google/android-json/0.0.20131108.vaadin1/android-json-0.0.20131108.vaadin1.jar:/Users/vishnumadhav/.m2/repository/org/springframework/spring-core/5.3.9/spring-core-5.3.9.jar:/Users/vishnumadhav/.m2/repository/org/springframework/spring-jcl/5.3.9/spring-jcl-5.3.9.jar:/Users/vishnumadhav/.m2/repository/org/springframework/spring-test/5.3.9/spring-test-5.3.9.jar:/Users/vishnumadhav/.m2/repository/org/xmlunit/xmlunit-core/2.8.2/xmlunit-core-2.8.2.jar:"/>
    <property name="java.vm.vendor" value="Oracle Corporation"/>
    <property name="sun.arch.data.model" value="64"/>
    <property name="java.vendor.url" value="https://java.oracle.com/"/>
    <property name="os.name" value="Mac OS X"/>
    <property name="java.vm.specification.version" value="22"/>
    <property name="sun.java.launcher" value="SUN_STANDARD"/>
    <property name="user.country" value="NZ"/>
    <property name="sun.boot.library.path" value="/Library/Java/JavaVirtualMachines/jdk-22.jdk/Contents/Home/lib"/>
    <property name="sun.java.command" value="/Users/vishnumadhav/Desktop/web-scrapper-selenium/target/surefire/surefirebooter14496818440817164559.jar /Users/vishnumadhav/Desktop/web-scrapper-selenium/target/surefire 2024-06-10T02-39-37_170-jvmRun1 surefire14697584450626268229tmp surefire_012920491622238688743tmp"/>
    <property name="http.nonProxyHosts" value="local|*.local|169.254/16|*.169.254/16"/>
    <property name="jdk.debug" value="release"/>
    <property name="surefire.test.class.path" value="/Users/vishnumadhav/Desktop/web-scrapper-selenium/target/test-classes:/Users/vishnumadhav/Desktop/web-scrapper-selenium/target/classes:/Users/vishnumadhav/.m2/repository/org/springframework/boot/spring-boot-starter-web/2.5.4/spring-boot-starter-web-2.5.4.jar:/Users/vishnumadhav/.m2/repository/org/springframework/boot/spring-boot-starter/2.5.4/spring-boot-starter-2.5.4.jar:/Users/vishnumadhav/.m2/repository/org/springframework/boot/spring-boot/2.5.4/spring-boot-2.5.4.jar:/Users/vishnumadhav/.m2/repository/org/springframework/boot/spring-boot-autoconfigure/2.5.4/spring-boot-autoconfigure-2.5.4.jar:/Users/vishnumadhav/.m2/repository/org/springframework/boot/spring-boot-starter-logging/2.5.4/spring-boot-starter-logging-2.5.4.jar:/Users/vishnumadhav/.m2/repository/ch/qos/logback/logback-classic/1.2.5/logback-classic-1.2.5.jar:/Users/vishnumadhav/.m2/repository/ch/qos/logback/logback-core/1.2.5/logback-core-1.2.5.jar:/Users/vishnumadhav/.m2/repository/org/apache/logging/log4j/log4j-to-slf4j/2.14.1/log4j-to-slf4j-2.14.1.jar:/Users/vishnumadhav/.m2/repository/org/apache/logging/log4j/log4j-api/2.14.1/log4j-api-2.14.1.jar:/Users/vishnumadhav/.m2/repository/org/slf4j/jul-to-slf4j/1.7.32/jul-to-slf4j-1.7.32.jar:/Users/vishnumadhav/.m2/repository/jakarta/annotation/jakarta.annotation-api/1.3.5/jakarta.annotation-api-1.3.5.jar:/Users/vishnumadhav/.m2/repository/org/yaml/snakeyaml/1.28/snakeyaml-1.28.jar:/Users/vishnumadhav/.m2/repository/org/springframework/boot/spring-boot-starter-json/2.5.4/spring-boot-starter-json-2.5.4.jar:/Users/vishnumadhav/.m2/repository/com/fasterxml/jackson/core/jackson-databind/2.12.4/jackson-databind-2.12.4.jar:/Users/vishnumadhav/.m2/repository/com/fasterxml/jackson/core/jackson-annotations/2.12.4/jackson-annotations-2.12.4.jar:/Users/vishnumadhav/.m2/repository/com/fasterxml/jackson/core/jackson-core/2.12.4/jackson-core-2.12.4.jar:/Users/vishnumadhav/.m2/repository/com/fasterxml/jackson/datatype/jackson-datatype-jdk8/2.12.4/jackson-datatype-jdk8-2.12.4.jar:/Users/vishnumadhav/.m2/repository/com/fasterxml/jackson/datatype/jackson-datatype-jsr310/2.12.4/jackson-datatype-jsr310-2.12.4.jar:/Users/vishnumadhav/.m2/repository/com/fasterxml/jackson/module/jackson-module-parameter-names/2.12.4/jackson-module-parameter-names-2.12.4.jar:/Users/vishnumadhav/.m2/repository/org/springframework/boot/spring-boot-starter-tomcat/2.5.4/spring-boot-starter-tomcat-2.5.4.jar:/Users/vishnumadhav/.m2/repository/org/apache/tomcat/embed/tomcat-embed-core/9.0.52/tomcat-embed-core-9.0.52.jar:/Users/vishnumadhav/.m2/repository/org/apache/tomcat/embed/tomcat-embed-el/9.0.52/tomcat-embed-el-9.0.52.jar:/Users/vishnumadhav/.m2/repository/org/apache/tomcat/embed/tomcat-embed-websocket/9.0.52/tomcat-embed-websocket-9.0.52.jar:/Users/vishnumadhav/.m2/repository/org/springframework/spring-web/5.3.9/spring-web-5.3.9.jar:/Users/vishnumadhav/.m2/repository/org/springframework/spring-beans/5.3.9/spring-beans-5.3.9.jar:/Users/vishnumadhav/.m2/repository/org/springframework/spring-webmvc/5.3.9/spring-webmvc-5.3.9.jar:/Users/vishnumadhav/.m2/repository/org/springframework/spring-aop/5.3.9/spring-aop-5.3.9.jar:/Users/vishnumadhav/.m2/repository/org/springframework/spring-context/5.3.9/spring-context-5.3.9.jar:/Users/vishnumadhav/.m2/repository/org/springframework/spring-expression/5.3.9/spring-expression-5.3.9.jar:/Users/vishnumadhav/.m2/repository/org/jsoup/jsoup/1.13.1/jsoup-1.13.1.jar:/Users/vishnumadhav/.m2/repository/org/seleniumhq/selenium/selenium-java/3.141.59/selenium-java-3.141.59.jar:/Users/vishnumadhav/.m2/repository/org/seleniumhq/selenium/selenium-api/3.141.59/selenium-api-3.141.59.jar:/Users/vishnumadhav/.m2/repository/org/seleniumhq/selenium/selenium-edge-driver/3.141.59/selenium-edge-driver-3.141.59.jar:/Users/vishnumadhav/.m2/repository/org/seleniumhq/selenium/selenium-firefox-driver/3.141.59/selenium-firefox-driver-3.141.59.jar:/Users/vishnumadhav/.m2/repository/org/seleniumhq/selenium/selenium-ie-driver/3.141.59/selenium-ie-driver-3.141.59.jar:/Users/vishnumadhav/.m2/repository/org/seleniumhq/selenium/selenium-opera-driver/3.141.59/selenium-opera-driver-3.141.59.jar:/Users/vishnumadhav/.m2/repository/org/seleniumhq/selenium/selenium-remote-driver/3.141.59/selenium-remote-driver-3.141.59.jar:/Users/vishnumadhav/.m2/repository/org/seleniumhq/selenium/selenium-safari-driver/3.141.59/selenium-safari-driver-3.141.59.jar:/Users/vishnumadhav/.m2/repository/net/bytebuddy/byte-buddy/1.10.22/byte-buddy-1.10.22.jar:/Users/vishnumadhav/.m2/repository/org/apache/commons/commons-exec/1.3/commons-exec-1.3.jar:/Users/vishnumadhav/.m2/repository/com/google/guava/guava/25.0-jre/guava-25.0-jre.jar:/Users/vishnumadhav/.m2/repository/com/google/code/findbugs/jsr305/1.3.9/jsr305-1.3.9.jar:/Users/vishnumadhav/.m2/repository/org/checkerframework/checker-compat-qual/2.0.0/checker-compat-qual-2.0.0.jar:/Users/vishnumadhav/.m2/repository/com/google/errorprone/error_prone_annotations/2.1.3/error_prone_annotations-2.1.3.jar:/Users/vishnumadhav/.m2/repository/com/google/j2objc/j2objc-annotations/1.1/j2objc-annotations-1.1.jar:/Users/vishnumadhav/.m2/repository/org/codehaus/mojo/animal-sniffer-annotations/1.14/animal-sniffer-annotations-1.14.jar:/Users/vishnumadhav/.m2/repository/com/squareup/okhttp3/okhttp/3.14.9/okhttp-3.14.9.jar:/Users/vishnumadhav/.m2/repository/com/squareup/okio/okio/1.14.0/okio-1.14.0.jar:/Users/vishnumadhav/.m2/repository/org/seleniumhq/selenium/selenium-chrome-driver/3.141.59/selenium-chrome-driver-3.141.59.jar:/Users/vishnumadhav/.m2/repository/com/amazonaws/aws-java-sdk/1.11.792/aws-java-sdk-1.11.792.jar:/Users/vishnumadhav/.m2/repository/com/amazonaws/aws-java-sdk-macie2/1.11.792/aws-java-sdk-macie2-1.11.792.jar:/Users/vishnumadhav/.m2/repository/com/amazonaws/jmespath-java/1.11.792/jmespath-java-1.11.792.jar:/Users/vishnumadhav/.m2/repository/com/amazonaws/aws-java-sdk-iotsitewise/1.11.792/aws-java-sdk-iotsitewise-1.11.792.jar:/Users/vishnumadhav/.m2/repository/com/amazonaws/aws-java-sdk-synthetics/1.11.792/aws-java-sdk-synthetics-1.11.792.jar:/Users/vishnumadhav/.m2/repository/com/amazonaws/aws-java-sdk-codestarconnections/1.11.792/aws-java-sdk-codestarconnections-1.11.792.jar:/Users/vishnumadhav/.m2/repository/com/amazonaws/aws-java-sdk-detective/1.11.792/aws-java-sdk-detective-1.11.792.jar:/Users/vishnumadhav/.m2/repository/com/amazonaws/aws-java-sdk-kinesisvideosignalingchannels/1.11.792/aws-java-sdk-kinesisvideosignalingchannels-1.11.792.jar:/Users/vishnumadhav/.m2/repository/com/amazonaws/aws-java-sdk-ebs/1.11.792/aws-java-sdk-ebs-1.11.792.jar:/Users/vishnumadhav/.m2/repository/com/amazonaws/aws-java-sdk-augmentedairuntime/1.11.792/aws-java-sdk-augmentedairuntime-1.11.792.jar:/Users/vishnumadhav/.m2/repository/com/amazonaws/aws-java-sdk-outposts/1.11.792/aws-java-sdk-outposts-1.11.792.jar:/Users/vishnumadhav/.m2/repository/com/amazonaws/aws-java-sdk-codeguruprofiler/1.11.792/aws-java-sdk-codeguruprofiler-1.11.792.jar:/Users/vishnumadhav/.m2/repository/com/amazonaws/aws-java-sdk-codegurureviewer/1.11.792/aws-java-sdk-codegurureviewer-1.11.792.jar:/Users/vishnumadhav/.m2/repository/com/amazonaws/aws-java-sdk-frauddetector/1.11.792/aws-java-sdk-frauddetector-1.11.792.jar:/Users/vishnumadhav/.m2/repository/com/amazonaws/aws-java-sdk-kendra/1.11.792/aws-java-sdk-kendra-1.11.792.jar:/Users/vishnumadhav/.m2/repository/com/amazonaws/aws-java-sdk-networkmanager/1.11.792/aws-java-sdk-networkmanager-1.11.792.jar:/Users/vishnumadhav/.m2/repository/com/amazonaws/aws-java-sdk-computeoptimizer/1.11.792/aws-java-sdk-computeoptimizer-1.11.792.jar:/Users/vishnumadhav/.m2/repository/com/amazonaws/aws-java-sdk-accessanalyzer/1.11.792/aws-java-sdk-accessanalyzer-1.11.792.jar:/Users/vishnumadhav/.m2/repository/com/amazonaws/aws-java-sdk-schemas/1.11.792/aws-java-sdk-schemas-1.11.792.jar:/Users/vishnumadhav/.m2/repository/com/amazonaws/aws-java-sdk-imagebuilder/1.11.792/aws-java-sdk-imagebuilder-1.11.792.jar:/Users/vishnumadhav/.m2/repository/com/amazonaws/aws-java-sdk-elasticinference/1.11.792/aws-java-sdk-elasticinference-1.11.792.jar:/Users/vishnumadhav/.m2/repository/com/amazonaws/aws-java-sdk-iotsecuretunneling/1.11.792/aws-java-sdk-iotsecuretunneling-1.11.792.jar:/Users/vishnumadhav/.m2/repository/com/amazonaws/aws-java-sdk-appconfig/1.11.792/aws-java-sdk-appconfig-1.11.792.jar:/Users/vishnumadhav/.m2/repository/com/amazonaws/aws-java-sdk-wafv2/1.11.792/aws-java-sdk-wafv2-1.11.792.jar:/Users/vishnumadhav/.m2/repository/com/amazonaws/aws-java-sdk-connectparticipant/1.11.792/aws-java-sdk-connectparticipant-1.11.792.jar:/Users/vishnumadhav/.m2/repository/com/amazonaws/aws-java-sdk-migrationhubconfig/1.11.792/aws-java-sdk-migrationhubconfig-1.11.792.jar:/Users/vishnumadhav/.m2/repository/com/amazonaws/aws-java-sdk-dataexchange/1.11.792/aws-java-sdk-dataexchange-1.11.792.jar:/Users/vishnumadhav/.m2/repository/com/amazonaws/aws-java-sdk-sesv2/1.11.792/aws-java-sdk-sesv2-1.11.792.jar:/Users/vishnumadhav/.m2/repository/com/amazonaws/aws-java-sdk-marketplacecatalog/1.11.792/aws-java-sdk-marketplacecatalog-1.11.792.jar:/Users/vishnumadhav/.m2/repository/com/amazonaws/aws-java-sdk-ssooidc/1.11.792/aws-java-sdk-ssooidc-1.11.792.jar:/Users/vishnumadhav/.m2/repository/com/amazonaws/aws-java-sdk-sso/1.11.792/aws-java-sdk-sso-1.11.792.jar:/Users/vishnumadhav/.m2/repository/com/amazonaws/aws-java-sdk-savingsplans/1.11.792/aws-java-sdk-savingsplans-1.11.792.jar:/Users/vishnumadhav/.m2/repository/com/amazonaws/aws-java-sdk-codestarnotifications/1.11.792/aws-java-sdk-codestarnotifications-1.11.792.jar:/Users/vishnumadhav/.m2/repository/com/amazonaws/aws-java-sdk-workmailmessageflow/1.11.792/aws-java-sdk-workmailmessageflow-1.11.792.jar:/Users/vishnumadhav/.m2/repository/com/amazonaws/aws-java-sdk-qldbsession/1.11.792/aws-java-sdk-qldbsession-1.11.792.jar:/Users/vishnumadhav/.m2/repository/com/amazonaws/aws-java-sdk-qldb/1.11.792/aws-java-sdk-qldb-1.11.792.jar:/Users/vishnumadhav/.m2/repository/com/amazonaws/aws-java-sdk-forecastquery/1.11.792/aws-java-sdk-forecastquery-1.11.792.jar:/Users/vishnumadhav/.m2/repository/com/amazonaws/aws-java-sdk-forecast/1.11.792/aws-java-sdk-forecast-1.11.792.jar:/Users/vishnumadhav/.m2/repository/com/amazonaws/aws-java-sdk-lakeformation/1.11.792/aws-java-sdk-lakeformation-1.11.792.jar:/Users/vishnumadhav/.m2/repository/com/amazonaws/aws-java-sdk-eventbridge/1.11.792/aws-java-sdk-eventbridge-1.11.792.jar:/Users/vishnumadhav/.m2/repository/com/amazonaws/aws-java-sdk-ec2instanceconnect/1.11.792/aws-java-sdk-ec2instanceconnect-1.11.792.jar:/Users/vishnumadhav/.m2/repository/com/amazonaws/aws-java-sdk-applicationinsights/1.11.792/aws-java-sdk-applicationinsights-1.11.792.jar:/Users/vishnumadhav/.m2/repository/com/amazonaws/aws-java-sdk-servicequotas/1.11.792/aws-java-sdk-servicequotas-1.11.792.jar:/Users/vishnumadhav/.m2/repository/com/amazonaws/aws-java-sdk-personalizeevents/1.11.792/aws-java-sdk-personalizeevents-1.11.792.jar:/Users/vishnumadhav/.m2/repository/com/amazonaws/aws-java-sdk-personalize/1.11.792/aws-java-sdk-personalize-1.11.792.jar:/Users/vishnumadhav/.m2/repository/com/amazonaws/aws-java-sdk-personalizeruntime/1.11.792/aws-java-sdk-personalizeruntime-1.11.792.jar:/Users/vishnumadhav/.m2/repository/com/amazonaws/aws-java-sdk-ioteventsdata/1.11.792/aws-java-sdk-ioteventsdata-1.11.792.jar:/Users/vishnumadhav/.m2/repository/com/amazonaws/aws-java-sdk-iotevents/1.11.792/aws-java-sdk-iotevents-1.11.792.jar:/Users/vishnumadhav/.m2/repository/com/amazonaws/aws-java-sdk-iotthingsgraph/1.11.792/aws-java-sdk-iotthingsgraph-1.11.792.jar:/Users/vishnumadhav/.m2/repository/com/amazonaws/aws-java-sdk-groundstation/1.11.792/aws-java-sdk-groundstation-1.11.792.jar:/Users/vishnumadhav/.m2/repository/com/amazonaws/aws-java-sdk-mediapackagevod/1.11.792/aws-java-sdk-mediapackagevod-1.11.792.jar:/Users/vishnumadhav/.m2/repository/com/amazonaws/aws-java-sdk-managedblockchain/1.11.792/aws-java-sdk-managedblockchain-1.11.792.jar:/Users/vishnumadhav/.m2/repository/com/amazonaws/aws-java-sdk-textract/1.11.792/aws-java-sdk-textract-1.11.792.jar:/Users/vishnumadhav/.m2/repository/com/amazonaws/aws-java-sdk-worklink/1.11.792/aws-java-sdk-worklink-1.11.792.jar:/Users/vishnumadhav/.m2/repository/com/amazonaws/aws-java-sdk-backup/1.11.792/aws-java-sdk-backup-1.11.792.jar:/Users/vishnumadhav/.m2/repository/com/amazonaws/aws-java-sdk-docdb/1.11.792/aws-java-sdk-docdb-1.11.792.jar:/Users/vishnumadhav/.m2/repository/com/amazonaws/aws-java-sdk-apigatewayv2/1.11.792/aws-java-sdk-apigatewayv2-1.11.792.jar:/Users/vishnumadhav/.m2/repository/com/amazonaws/aws-java-sdk-apigatewaymanagementapi/1.11.792/aws-java-sdk-apigatewaymanagementapi-1.11.792.jar:/Users/vishnumadhav/.m2/repository/com/amazonaws/aws-java-sdk-kafka/1.11.792/aws-java-sdk-kafka-1.11.792.jar:/Users/vishnumadhav/.m2/repository/com/amazonaws/aws-java-sdk-appmesh/1.11.792/aws-java-sdk-appmesh-1.11.792.jar:/Users/vishnumadhav/.m2/repository/com/amazonaws/aws-java-sdk-licensemanager/1.11.792/aws-java-sdk-licensemanager-1.11.792.jar:/Users/vishnumadhav/.m2/repository/com/amazonaws/aws-java-sdk-securityhub/1.11.792/aws-java-sdk-securityhub-1.11.792.jar:/Users/vishnumadhav/.m2/repository/com/amazonaws/aws-java-sdk-fsx/1.11.792/aws-java-sdk-fsx-1.11.792.jar:/Users/vishnumadhav/.m2/repository/com/amazonaws/aws-java-sdk-mediaconnect/1.11.792/aws-java-sdk-mediaconnect-1.11.792.jar:/Users/vishnumadhav/.m2/repository/com/amazonaws/aws-java-sdk-kinesisanalyticsv2/1.11.792/aws-java-sdk-kinesisanalyticsv2-1.11.792.jar:/Users/vishnumadhav/.m2/repository/com/amazonaws/aws-java-sdk-comprehendmedical/1.11.792/aws-java-sdk-comprehendmedical-1.11.792.jar:/Users/vishnumadhav/.m2/repository/com/amazonaws/aws-java-sdk-globalaccelerator/1.11.792/aws-java-sdk-globalaccelerator-1.11.792.jar:/Users/vishnumadhav/.m2/repository/com/amazonaws/aws-java-sdk-transfer/1.11.792/aws-java-sdk-transfer-1.11.792.jar:/Users/vishnumadhav/.m2/repository/com/amazonaws/aws-java-sdk-datasync/1.11.792/aws-java-sdk-datasync-1.11.792.jar:/Users/vishnumadhav/.m2/repository/com/amazonaws/aws-java-sdk-robomaker/1.11.792/aws-java-sdk-robomaker-1.11.792.jar:/Users/vishnumadhav/.m2/repository/com/amazonaws/aws-java-sdk-amplify/1.11.792/aws-java-sdk-amplify-1.11.792.jar:/Users/vishnumadhav/.m2/repository/com/amazonaws/aws-java-sdk-quicksight/1.11.792/aws-java-sdk-quicksight-1.11.792.jar:/Users/vishnumadhav/.m2/repository/com/amazonaws/aws-java-sdk-rdsdata/1.11.792/aws-java-sdk-rdsdata-1.11.792.jar:/Users/vishnumadhav/.m2/repository/com/amazonaws/aws-java-sdk-route53resolver/1.11.792/aws-java-sdk-route53resolver-1.11.792.jar:/Users/vishnumadhav/.m2/repository/com/amazonaws/aws-java-sdk-ram/1.11.792/aws-java-sdk-ram-1.11.792.jar:/Users/vishnumadhav/.m2/repository/com/amazonaws/aws-java-sdk-s3control/1.11.792/aws-java-sdk-s3control-1.11.792.jar:/Users/vishnumadhav/.m2/repository/com/amazonaws/aws-java-sdk-pinpointsmsvoice/1.11.792/aws-java-sdk-pinpointsmsvoice-1.11.792.jar:/Users/vishnumadhav/.m2/repository/com/amazonaws/aws-java-sdk-pinpointemail/1.11.792/aws-java-sdk-pinpointemail-1.11.792.jar:/Users/vishnumadhav/.m2/repository/com/amazonaws/aws-java-sdk-chime/1.11.792/aws-java-sdk-chime-1.11.792.jar:/Users/vishnumadhav/.m2/repository/com/amazonaws/aws-java-sdk-signer/1.11.792/aws-java-sdk-signer-1.11.792.jar:/Users/vishnumadhav/.m2/repository/com/amazonaws/aws-java-sdk-dlm/1.11.792/aws-java-sdk-dlm-1.11.792.jar:/Users/vishnumadhav/.m2/repository/com/amazonaws/aws-java-sdk-macie/1.11.792/aws-java-sdk-macie-1.11.792.jar:/Users/vishnumadhav/.m2/repository/com/amazonaws/aws-java-sdk-eks/1.11.792/aws-java-sdk-eks-1.11.792.jar:/Users/vishnumadhav/.m2/repository/com/amazonaws/aws-java-sdk-mediatailor/1.11.792/aws-java-sdk-mediatailor-1.11.792.jar:/Users/vishnumadhav/.m2/repository/com/amazonaws/aws-java-sdk-neptune/1.11.792/aws-java-sdk-neptune-1.11.792.jar:/Users/vishnumadhav/.m2/repository/com/amazonaws/aws-java-sdk-pi/1.11.792/aws-java-sdk-pi-1.11.792.jar:/Users/vishnumadhav/.m2/repository/com/amazonaws/aws-java-sdk-iot1clickprojects/1.11.792/aws-java-sdk-iot1clickprojects-1.11.792.jar:/Users/vishnumadhav/.m2/repository/com/amazonaws/aws-java-sdk-iot1clickdevices/1.11.792/aws-java-sdk-iot1clickdevices-1.11.792.jar:/Users/vishnumadhav/.m2/repository/com/amazonaws/aws-java-sdk-iotanalytics/1.11.792/aws-java-sdk-iotanalytics-1.11.792.jar:/Users/vishnumadhav/.m2/repository/com/amazonaws/aws-java-sdk-acmpca/1.11.792/aws-java-sdk-acmpca-1.11.792.jar:/Users/vishnumadhav/.m2/repository/com/amazonaws/aws-java-sdk-secretsmanager/1.11.792/aws-java-sdk-secretsmanager-1.11.792.jar:/Users/vishnumadhav/.m2/repository/com/amazonaws/aws-java-sdk-fms/1.11.792/aws-java-sdk-fms-1.11.792.jar:/Users/vishnumadhav/.m2/repository/com/amazonaws/aws-java-sdk-connect/1.11.792/aws-java-sdk-connect-1.11.792.jar:/Users/vishnumadhav/.m2/repository/com/amazonaws/aws-java-sdk-transcribe/1.11.792/aws-java-sdk-transcribe-1.11.792.jar:/Users/vishnumadhav/.m2/repository/com/amazonaws/aws-java-sdk-autoscalingplans/1.11.792/aws-java-sdk-autoscalingplans-1.11.792.jar:/Users/vishnumadhav/.m2/repository/com/amazonaws/aws-java-sdk-workmail/1.11.792/aws-java-sdk-workmail-1.11.792.jar:/Users/vishnumadhav/.m2/repository/com/amazonaws/aws-java-sdk-servicediscovery/1.11.792/aws-java-sdk-servicediscovery-1.11.792.jar:/Users/vishnumadhav/.m2/repository/com/amazonaws/aws-java-sdk-cloud9/1.11.792/aws-java-sdk-cloud9-1.11.792.jar:/Users/vishnumadhav/.m2/repository/com/amazonaws/aws-java-sdk-serverlessapplicationrepository/1.11.792/aws-java-sdk-serverlessapplicationrepository-1.11.792.jar:/Users/vishnumadhav/.m2/repository/com/amazonaws/aws-java-sdk-alexaforbusiness/1.11.792/aws-java-sdk-alexaforbusiness-1.11.792.jar:/Users/vishnumadhav/.m2/repository/com/amazonaws/aws-java-sdk-resourcegroups/1.11.792/aws-java-sdk-resourcegroups-1.11.792.jar:/Users/vishnumadhav/.m2/repository/com/amazonaws/aws-java-sdk-comprehend/1.11.792/aws-java-sdk-comprehend-1.11.792.jar:/Users/vishnumadhav/.m2/repository/com/amazonaws/aws-java-sdk-translate/1.11.792/aws-java-sdk-translate-1.11.792.jar:/Users/vishnumadhav/.m2/repository/com/amazonaws/aws-java-sdk-sagemaker/1.11.792/aws-java-sdk-sagemaker-1.11.792.jar:/Users/vishnumadhav/.m2/repository/com/amazonaws/aws-java-sdk-iotjobsdataplane/1.11.792/aws-java-sdk-iotjobsdataplane-1.11.792.jar:/Users/vishnumadhav/.m2/repository/com/amazonaws/aws-java-sdk-sagemakerruntime/1.11.792/aws-java-sdk-sagemakerruntime-1.11.792.jar:/Users/vishnumadhav/.m2/repository/com/amazonaws/aws-java-sdk-kinesisvideo/1.11.792/aws-java-sdk-kinesisvideo-1.11.792.jar:/Users/vishnumadhav/.m2/repository/io/netty/netty-codec-http/4.1.67.Final/netty-codec-http-4.1.67.Final.jar:/Users/vishnumadhav/.m2/repository/io/netty/netty-common/4.1.67.Final/netty-common-4.1.67.Final.jar:/Users/vishnumadhav/.m2/repository/io/netty/netty-buffer/4.1.67.Final/netty-buffer-4.1.67.Final.jar:/Users/vishnumadhav/.m2/repository/io/netty/netty-transport/4.1.67.Final/netty-transport-4.1.67.Final.jar:/Users/vishnumadhav/.m2/repository/io/netty/netty-codec/4.1.67.Final/netty-codec-4.1.67.Final.jar:/Users/vishnumadhav/.m2/repository/io/netty/netty-handler/4.1.67.Final/netty-handler-4.1.67.Final.jar:/Users/vishnumadhav/.m2/repository/io/netty/netty-resolver/4.1.67.Final/netty-resolver-4.1.67.Final.jar:/Users/vishnumadhav/.m2/repository/com/amazonaws/aws-java-sdk-appsync/1.11.792/aws-java-sdk-appsync-1.11.792.jar:/Users/vishnumadhav/.m2/repository/com/amazonaws/aws-java-sdk-guardduty/1.11.792/aws-java-sdk-guardduty-1.11.792.jar:/Users/vishnumadhav/.m2/repository/com/amazonaws/aws-java-sdk-mq/1.11.792/aws-java-sdk-mq-1.11.792.jar:/Users/vishnumadhav/.m2/repository/com/amazonaws/aws-java-sdk-mediaconvert/1.11.792/aws-java-sdk-mediaconvert-1.11.792.jar:/Users/vishnumadhav/.m2/repository/com/amazonaws/aws-java-sdk-mediastore/1.11.792/aws-java-sdk-mediastore-1.11.792.jar:/Users/vishnumadhav/.m2/repository/com/amazonaws/aws-java-sdk-mediastoredata/1.11.792/aws-java-sdk-mediastoredata-1.11.792.jar:/Users/vishnumadhav/.m2/repository/com/amazonaws/aws-java-sdk-medialive/1.11.792/aws-java-sdk-medialive-1.11.792.jar:/Users/vishnumadhav/.m2/repository/com/amazonaws/aws-java-sdk-mediapackage/1.11.792/aws-java-sdk-mediapackage-1.11.792.jar:/Users/vishnumadhav/.m2/repository/com/amazonaws/aws-java-sdk-costexplorer/1.11.792/aws-java-sdk-costexplorer-1.11.792.jar:/Users/vishnumadhav/.m2/repository/com/amazonaws/aws-java-sdk-pricing/1.11.792/aws-java-sdk-pricing-1.11.792.jar:/Users/vishnumadhav/.m2/repository/com/amazonaws/aws-java-sdk-mobile/1.11.792/aws-java-sdk-mobile-1.11.792.jar:/Users/vishnumadhav/.m2/repository/com/amazonaws/aws-java-sdk-cloudhsmv2/1.11.792/aws-java-sdk-cloudhsmv2-1.11.792.jar:/Users/vishnumadhav/.m2/repository/com/amazonaws/aws-java-sdk-glue/1.11.792/aws-java-sdk-glue-1.11.792.jar:/Users/vishnumadhav/.m2/repository/com/amazonaws/aws-java-sdk-migrationhub/1.11.792/aws-java-sdk-migrationhub-1.11.792.jar:/Users/vishnumadhav/.m2/repository/com/amazonaws/aws-java-sdk-dax/1.11.792/aws-java-sdk-dax-1.11.792.jar:/Users/vishnumadhav/.m2/repository/com/amazonaws/aws-java-sdk-greengrass/1.11.792/aws-java-sdk-greengrass-1.11.792.jar:/Users/vishnumadhav/.m2/repository/com/amazonaws/aws-java-sdk-athena/1.11.792/aws-java-sdk-athena-1.11.792.jar:/Users/vishnumadhav/.m2/repository/com/amazonaws/aws-java-sdk-marketplaceentitlement/1.11.792/aws-java-sdk-marketplaceentitlement-1.11.792.jar:/Users/vishnumadhav/.m2/repository/com/amazonaws/aws-java-sdk-codestar/1.11.792/aws-java-sdk-codestar-1.11.792.jar:/Users/vishnumadhav/.m2/repository/com/amazonaws/aws-java-sdk-lexmodelbuilding/1.11.792/aws-java-sdk-lexmodelbuilding-1.11.792.jar:/Users/vishnumadhav/.m2/repository/com/amazonaws/aws-java-sdk-resourcegroupstaggingapi/1.11.792/aws-java-sdk-resourcegroupstaggingapi-1.11.792.jar:/Users/vishnumadhav/.m2/repository/com/amazonaws/aws-java-sdk-pinpoint/1.11.792/aws-java-sdk-pinpoint-1.11.792.jar:/Users/vishnumadhav/.m2/repository/com/amazonaws/aws-java-sdk-xray/1.11.792/aws-java-sdk-xray-1.11.792.jar:/Users/vishnumadhav/.m2/repository/com/amazonaws/aws-java-sdk-opsworkscm/1.11.792/aws-java-sdk-opsworkscm-1.11.792.jar:/Users/vishnumadhav/.m2/repository/com/amazonaws/aws-java-sdk-support/1.11.792/aws-java-sdk-support-1.11.792.jar:/Users/vishnumadhav/.m2/repository/com/amazonaws/aws-java-sdk-simpledb/1.11.792/aws-java-sdk-simpledb-1.11.792.jar:/Users/vishnumadhav/.m2/repository/com/amazonaws/aws-java-sdk-servicecatalog/1.11.792/aws-java-sdk-servicecatalog-1.11.792.jar:/Users/vishnumadhav/.m2/repository/com/amazonaws/aws-java-sdk-servermigration/1.11.792/aws-java-sdk-servermigration-1.11.792.jar:/Users/vishnumadhav/.m2/repository/com/amazonaws/aws-java-sdk-simpleworkflow/1.11.792/aws-java-sdk-simpleworkflow-1.11.792.jar:/Users/vishnumadhav/.m2/repository/com/amazonaws/aws-java-sdk-storagegateway/1.11.792/aws-java-sdk-storagegateway-1.11.792.jar:/Users/vishnumadhav/.m2/repository/com/amazonaws/aws-java-sdk-route53/1.11.792/aws-java-sdk-route53-1.11.792.jar:/Users/vishnumadhav/.m2/repository/com/amazonaws/aws-java-sdk-s3/1.11.792/aws-java-sdk-s3-1.11.792.jar:/Users/vishnumadhav/.m2/repository/com/amazonaws/aws-java-sdk-importexport/1.11.792/aws-java-sdk-importexport-1.11.792.jar:/Users/vishnumadhav/.m2/repository/com/amazonaws/aws-java-sdk-sts/1.11.792/aws-java-sdk-sts-1.11.792.jar:/Users/vishnumadhav/.m2/repository/com/amazonaws/aws-java-sdk-sqs/1.11.792/aws-java-sdk-sqs-1.11.792.jar:/Users/vishnumadhav/.m2/repository/com/amazonaws/aws-java-sdk-rds/1.11.792/aws-java-sdk-rds-1.11.792.jar:/Users/vishnumadhav/.m2/repository/com/amazonaws/aws-java-sdk-redshift/1.11.792/aws-java-sdk-redshift-1.11.792.jar:/Users/vishnumadhav/.m2/repository/com/amazonaws/aws-java-sdk-elasticbeanstalk/1.11.792/aws-java-sdk-elasticbeanstalk-1.11.792.jar:/Users/vishnumadhav/.m2/repository/com/amazonaws/aws-java-sdk-glacier/1.11.792/aws-java-sdk-glacier-1.11.792.jar:/Users/vishnumadhav/.m2/repository/com/amazonaws/aws-java-sdk-iam/1.11.792/aws-java-sdk-iam-1.11.792.jar:/Users/vishnumadhav/.m2/repository/com/amazonaws/aws-java-sdk-datapipeline/1.11.792/aws-java-sdk-datapipeline-1.11.792.jar:/Users/vishnumadhav/.m2/repository/com/amazonaws/aws-java-sdk-elasticloadbalancing/1.11.792/aws-java-sdk-elasticloadbalancing-1.11.792.jar:/Users/vishnumadhav/.m2/repository/com/amazonaws/aws-java-sdk-elasticloadbalancingv2/1.11.792/aws-java-sdk-elasticloadbalancingv2-1.11.792.jar:/Users/vishnumadhav/.m2/repository/com/amazonaws/aws-java-sdk-emr/1.11.792/aws-java-sdk-emr-1.11.792.jar:/Users/vishnumadhav/.m2/repository/com/amazonaws/aws-java-sdk-elasticache/1.11.792/aws-java-sdk-elasticache-1.11.792.jar:/Users/vishnumadhav/.m2/repository/com/amazonaws/aws-java-sdk-elastictranscoder/1.11.792/aws-java-sdk-elastictranscoder-1.11.792.jar:/Users/vishnumadhav/.m2/repository/com/amazonaws/aws-java-sdk-ec2/1.11.792/aws-java-sdk-ec2-1.11.792.jar:/Users/vishnumadhav/.m2/repository/com/amazonaws/aws-java-sdk-dynamodb/1.11.792/aws-java-sdk-dynamodb-1.11.792.jar:/Users/vishnumadhav/.m2/repository/com/amazonaws/aws-java-sdk-sns/1.11.792/aws-java-sdk-sns-1.11.792.jar:/Users/vishnumadhav/.m2/repository/com/amazonaws/aws-java-sdk-budgets/1.11.792/aws-java-sdk-budgets-1.11.792.jar:/Users/vishnumadhav/.m2/repository/com/amazonaws/aws-java-sdk-cloudtrail/1.11.792/aws-java-sdk-cloudtrail-1.11.792.jar:/Users/vishnumadhav/.m2/repository/com/amazonaws/aws-java-sdk-cloudwatch/1.11.792/aws-java-sdk-cloudwatch-1.11.792.jar:/Users/vishnumadhav/.m2/repository/com/amazonaws/aws-java-sdk-logs/1.11.792/aws-java-sdk-logs-1.11.792.jar:/Users/vishnumadhav/.m2/repository/com/amazonaws/aws-java-sdk-events/1.11.792/aws-java-sdk-events-1.11.792.jar:/Users/vishnumadhav/.m2/repository/com/amazonaws/aws-java-sdk-cognitoidentity/1.11.792/aws-java-sdk-cognitoidentity-1.11.792.jar:/Users/vishnumadhav/.m2/repository/com/amazonaws/aws-java-sdk-cognitosync/1.11.792/aws-java-sdk-cognitosync-1.11.792.jar:/Users/vishnumadhav/.m2/repository/com/amazonaws/aws-java-sdk-directconnect/1.11.792/aws-java-sdk-directconnect-1.11.792.jar:/Users/vishnumadhav/.m2/repository/com/amazonaws/aws-java-sdk-cloudformation/1.11.792/aws-java-sdk-cloudformation-1.11.792.jar:/Users/vishnumadhav/.m2/repository/com/amazonaws/aws-java-sdk-cloudfront/1.11.792/aws-java-sdk-cloudfront-1.11.792.jar:/Users/vishnumadhav/.m2/repository/com/amazonaws/aws-java-sdk-clouddirectory/1.11.792/aws-java-sdk-clouddirectory-1.11.792.jar:/Users/vishnumadhav/.m2/repository/com/amazonaws/aws-java-sdk-kinesis/1.11.792/aws-java-sdk-kinesis-1.11.792.jar:/Users/vishnumadhav/.m2/repository/com/amazonaws/aws-java-sdk-opsworks/1.11.792/aws-java-sdk-opsworks-1.11.792.jar:/Users/vishnumadhav/.m2/repository/com/amazonaws/aws-java-sdk-ses/1.11.792/aws-java-sdk-ses-1.11.792.jar:/Users/vishnumadhav/.m2/repository/com/amazonaws/aws-java-sdk-autoscaling/1.11.792/aws-java-sdk-autoscaling-1.11.792.jar:/Users/vishnumadhav/.m2/repository/com/amazonaws/aws-java-sdk-cloudsearch/1.11.792/aws-java-sdk-cloudsearch-1.11.792.jar:/Users/vishnumadhav/.m2/repository/com/amazonaws/aws-java-sdk-cloudwatchmetrics/1.11.792/aws-java-sdk-cloudwatchmetrics-1.11.792.jar:/Users/vishnumadhav/.m2/repository/com/amazonaws/aws-java-sdk-codedeploy/1.11.792/aws-java-sdk-codedeploy-1.11.792.jar:/Users/vishnumadhav/.m2/repository/com/amazonaws/aws-java-sdk-codepipeline/1.11.792/aws-java-sdk-codepipeline-1.11.792.jar:/Users/vishnumadhav/.m2/repository/com/amazonaws/aws-java-sdk-kms/1.11.792/aws-java-sdk-kms-1.11.792.jar:/Users/vishnumadhav/.m2/repository/com/amazonaws/aws-java-sdk-config/1.11.792/aws-java-sdk-config-1.11.792.jar:/Users/vishnumadhav/.m2/repository/com/amazonaws/aws-java-sdk-lambda/1.11.792/aws-java-sdk-lambda-1.11.792.jar:/Users/vishnumadhav/.m2/repository/com/amazonaws/aws-java-sdk-ecs/1.11.792/aws-java-sdk-ecs-1.11.792.jar:/Users/vishnumadhav/.m2/repository/com/amazonaws/aws-java-sdk-ecr/1.11.792/aws-java-sdk-ecr-1.11.792.jar:/Users/vishnumadhav/.m2/repository/com/amazonaws/aws-java-sdk-cloudhsm/1.11.792/aws-java-sdk-cloudhsm-1.11.792.jar:/Users/vishnumadhav/.m2/repository/com/amazonaws/aws-java-sdk-ssm/1.11.792/aws-java-sdk-ssm-1.11.792.jar:/Users/vishnumadhav/.m2/repository/com/amazonaws/aws-java-sdk-workspaces/1.11.792/aws-java-sdk-workspaces-1.11.792.jar:/Users/vishnumadhav/.m2/repository/com/amazonaws/aws-java-sdk-machinelearning/1.11.792/aws-java-sdk-machinelearning-1.11.792.jar:/Users/vishnumadhav/.m2/repository/com/amazonaws/aws-java-sdk-directory/1.11.792/aws-java-sdk-directory-1.11.792.jar:/Users/vishnumadhav/.m2/repository/com/amazonaws/aws-java-sdk-efs/1.11.792/aws-java-sdk-efs-1.11.792.jar:/Users/vishnumadhav/.m2/repository/com/amazonaws/aws-java-sdk-codecommit/1.11.792/aws-java-sdk-codecommit-1.11.792.jar:/Users/vishnumadhav/.m2/repository/com/amazonaws/aws-java-sdk-devicefarm/1.11.792/aws-java-sdk-devicefarm-1.11.792.jar:/Users/vishnumadhav/.m2/repository/com/amazonaws/aws-java-sdk-elasticsearch/1.11.792/aws-java-sdk-elasticsearch-1.11.792.jar:/Users/vishnumadhav/.m2/repository/com/amazonaws/aws-java-sdk-waf/1.11.792/aws-java-sdk-waf-1.11.792.jar:/Users/vishnumadhav/.m2/repository/com/amazonaws/aws-java-sdk-marketplacecommerceanalytics/1.11.792/aws-java-sdk-marketplacecommerceanalytics-1.11.792.jar:/Users/vishnumadhav/.m2/repository/com/amazonaws/aws-java-sdk-inspector/1.11.792/aws-java-sdk-inspector-1.11.792.jar:/Users/vishnumadhav/.m2/repository/com/amazonaws/aws-java-sdk-iot/1.11.792/aws-java-sdk-iot-1.11.792.jar:/Users/vishnumadhav/.m2/repository/com/amazonaws/aws-java-sdk-api-gateway/1.11.792/aws-java-sdk-api-gateway-1.11.792.jar:/Users/vishnumadhav/.m2/repository/com/amazonaws/aws-java-sdk-acm/1.11.792/aws-java-sdk-acm-1.11.792.jar:/Users/vishnumadhav/.m2/repository/com/amazonaws/aws-java-sdk-gamelift/1.11.792/aws-java-sdk-gamelift-1.11.792.jar:/Users/vishnumadhav/.m2/repository/com/amazonaws/aws-java-sdk-dms/1.11.792/aws-java-sdk-dms-1.11.792.jar:/Users/vishnumadhav/.m2/repository/com/amazonaws/aws-java-sdk-marketplacemeteringservice/1.11.792/aws-java-sdk-marketplacemeteringservice-1.11.792.jar:/Users/vishnumadhav/.m2/repository/com/amazonaws/aws-java-sdk-cognitoidp/1.11.792/aws-java-sdk-cognitoidp-1.11.792.jar:/Users/vishnumadhav/.m2/repository/com/amazonaws/aws-java-sdk-discovery/1.11.792/aws-java-sdk-discovery-1.11.792.jar:/Users/vishnumadhav/.m2/repository/com/amazonaws/aws-java-sdk-applicationautoscaling/1.11.792/aws-java-sdk-applicationautoscaling-1.11.792.jar:/Users/vishnumadhav/.m2/repository/com/amazonaws/aws-java-sdk-snowball/1.11.792/aws-java-sdk-snowball-1.11.792.jar:/Users/vishnumadhav/.m2/repository/com/amazonaws/aws-java-sdk-rekognition/1.11.792/aws-java-sdk-rekognition-1.11.792.jar:/Users/vishnumadhav/.m2/repository/com/amazonaws/aws-java-sdk-polly/1.11.792/aws-java-sdk-polly-1.11.792.jar:/Users/vishnumadhav/.m2/repository/com/amazonaws/aws-java-sdk-lightsail/1.11.792/aws-java-sdk-lightsail-1.11.792.jar:/Users/vishnumadhav/.m2/repository/com/amazonaws/aws-java-sdk-stepfunctions/1.11.792/aws-java-sdk-stepfunctions-1.11.792.jar:/Users/vishnumadhav/.m2/repository/com/amazonaws/aws-java-sdk-health/1.11.792/aws-java-sdk-health-1.11.792.jar:/Users/vishnumadhav/.m2/repository/com/amazonaws/aws-java-sdk-costandusagereport/1.11.792/aws-java-sdk-costandusagereport-1.11.792.jar:/Users/vishnumadhav/.m2/repository/com/amazonaws/aws-java-sdk-codebuild/1.11.792/aws-java-sdk-codebuild-1.11.792.jar:/Users/vishnumadhav/.m2/repository/com/amazonaws/aws-java-sdk-appstream/1.11.792/aws-java-sdk-appstream-1.11.792.jar:/Users/vishnumadhav/.m2/repository/com/amazonaws/aws-java-sdk-shield/1.11.792/aws-java-sdk-shield-1.11.792.jar:/Users/vishnumadhav/.m2/repository/com/amazonaws/aws-java-sdk-batch/1.11.792/aws-java-sdk-batch-1.11.792.jar:/Users/vishnumadhav/.m2/repository/com/amazonaws/aws-java-sdk-lex/1.11.792/aws-java-sdk-lex-1.11.792.jar:/Users/vishnumadhav/.m2/repository/com/amazonaws/aws-java-sdk-mechanicalturkrequester/1.11.792/aws-java-sdk-mechanicalturkrequester-1.11.792.jar:/Users/vishnumadhav/.m2/repository/com/amazonaws/aws-java-sdk-organizations/1.11.792/aws-java-sdk-organizations-1.11.792.jar:/Users/vishnumadhav/.m2/repository/com/amazonaws/aws-java-sdk-workdocs/1.11.792/aws-java-sdk-workdocs-1.11.792.jar:/Users/vishnumadhav/.m2/repository/com/amazonaws/aws-java-sdk-core/1.11.792/aws-java-sdk-core-1.11.792.jar:/Users/vishnumadhav/.m2/repository/commons-logging/commons-logging/1.1.3/commons-logging-1.1.3.jar:/Users/vishnumadhav/.m2/repository/org/apache/httpcomponents/httpclient/4.5.13/httpclient-4.5.13.jar:/Users/vishnumadhav/.m2/repository/org/apache/httpcomponents/httpcore/4.4.14/httpcore-4.4.14.jar:/Users/vishnumadhav/.m2/repository/commons-codec/commons-codec/1.15/commons-codec-1.15.jar:/Users/vishnumadhav/.m2/repository/software/amazon/ion/ion-java/1.0.2/ion-java-1.0.2.jar:/Users/vishnumadhav/.m2/repository/com/fasterxml/jackson/dataformat/jackson-dataformat-cbor/2.12.4/jackson-dataformat-cbor-2.12.4.jar:/Users/vishnumadhav/.m2/repository/joda-time/joda-time/2.8.1/joda-time-2.8.1.jar:/Users/vishnumadhav/.m2/repository/com/amazonaws/aws-java-sdk-models/1.11.792/aws-java-sdk-models-1.11.792.jar:/Users/vishnumadhav/.m2/repository/com/amazonaws/aws-java-sdk-swf-libraries/1.11.22/aws-java-sdk-swf-libraries-1.11.22.jar:/Users/vishnumadhav/.m2/repository/mysql/mysql-connector-java/8.0.26/mysql-connector-java-8.0.26.jar:/Users/vishnumadhav/.m2/repository/com/opencsv/opencsv/5.5/opencsv-5.5.jar:/Users/vishnumadhav/.m2/repository/org/apache/commons/commons-lang3/3.12.0/commons-lang3-3.12.0.jar:/Users/vishnumadhav/.m2/repository/org/apache/commons/commons-text/1.9/commons-text-1.9.jar:/Users/vishnumadhav/.m2/repository/commons-beanutils/commons-beanutils/1.9.4/commons-beanutils-1.9.4.jar:/Users/vishnumadhav/.m2/repository/commons-collections/commons-collections/3.2.2/commons-collections-3.2.2.jar:/Users/vishnumadhav/.m2/repository/org/apache/commons/commons-collections4/4.4/commons-collections4-4.4.jar:/Users/vishnumadhav/.m2/repository/org/seleniumhq/selenium/selenium-support/3.141.59/selenium-support-3.141.59.jar:/Users/vishnumadhav/.m2/repository/org/springframework/boot/spring-boot-starter-test/2.5.4/spring-boot-starter-test-2.5.4.jar:/Users/vishnumadhav/.m2/repository/org/springframework/boot/spring-boot-test/2.5.4/spring-boot-test-2.5.4.jar:/Users/vishnumadhav/.m2/repository/org/springframework/boot/spring-boot-test-autoconfigure/2.5.4/spring-boot-test-autoconfigure-2.5.4.jar:/Users/vishnumadhav/.m2/repository/com/jayway/jsonpath/json-path/2.5.0/json-path-2.5.0.jar:/Users/vishnumadhav/.m2/repository/net/minidev/json-smart/2.4.7/json-smart-2.4.7.jar:/Users/vishnumadhav/.m2/repository/net/minidev/accessors-smart/2.4.7/accessors-smart-2.4.7.jar:/Users/vishnumadhav/.m2/repository/org/ow2/asm/asm/9.1/asm-9.1.jar:/Users/vishnumadhav/.m2/repository/org/slf4j/slf4j-api/1.7.32/slf4j-api-1.7.32.jar:/Users/vishnumadhav/.m2/repository/jakarta/xml/bind/jakarta.xml.bind-api/2.3.3/jakarta.xml.bind-api-2.3.3.jar:/Users/vishnumadhav/.m2/repository/jakarta/activation/jakarta.activation-api/1.2.2/jakarta.activation-api-1.2.2.jar:/Users/vishnumadhav/.m2/repository/org/assertj/assertj-core/3.19.0/assertj-core-3.19.0.jar:/Users/vishnumadhav/.m2/repository/org/hamcrest/hamcrest/2.2/hamcrest-2.2.jar:/Users/vishnumadhav/.m2/repository/org/junit/jupiter/junit-jupiter/5.7.2/junit-jupiter-5.7.2.jar:/Users/vishnumadhav/.m2/repository/org/junit/jupiter/junit-jupiter-api/5.7.2/junit-jupiter-api-5.7.2.jar:/Users/vishnumadhav/.m2/repository/org/apiguardian/apiguardian-api/1.1.0/apiguardian-api-1.1.0.jar:/Users/vishnumadhav/.m2/repository/org/opentest4j/opentest4j/1.2.0/opentest4j-1.2.0.jar:/Users/vishnumadhav/.m2/repository/org/junit/platform/junit-platform-commons/1.7.2/junit-platform-commons-1.7.2.jar:/Users/vishnumadhav/.m2/repository/org/junit/jupiter/junit-jupiter-params/5.7.2/junit-jupiter-params-5.7.2.jar:/Users/vishnumadhav/.m2/repository/org/junit/jupiter/junit-jupiter-engine/5.7.2/junit-jupiter-engine-5.7.2.jar:/Users/vishnumadhav/.m2/repository/org/junit/platform/junit-platform-engine/1.7.2/junit-platform-engine-1.7.2.jar:/Users/vishnumadhav/.m2/repository/org/mockito/mockito-core/3.9.0/mockito-core-3.9.0.jar:/Users/vishnumadhav/.m2/repository/net/bytebuddy/byte-buddy-agent/1.10.22/byte-buddy-agent-1.10.22.jar:/Users/vishnumadhav/.m2/repository/org/objenesis/objenesis/3.2/objenesis-3.2.jar:/Users/vishnumadhav/.m2/repository/org/mockito/mockito-junit-jupiter/3.9.0/mockito-junit-jupiter-3.9.0.jar:/Users/vishnumadhav/.m2/repository/org/skyscreamer/jsonassert/1.5.0/jsonassert-1.5.0.jar:/Users/vishnumadhav/.m2/repository/com/vaadin/external/google/android-json/0.0.20131108.vaadin1/android-json-0.0.20131108.vaadin1.jar:/Users/vishnumadhav/.m2/repository/org/springframework/spring-core/5.3.9/spring-core-5.3.9.jar:/Users/vishnumadhav/.m2/repository/org/springframework/spring-jcl/5.3.9/spring-jcl-5.3.9.jar:/Users/vishnumadhav/.m2/repository/org/springframework/spring-test/5.3.9/spring-test-5.3.9.jar:/Users/vishnumadhav/.m2/repository/org/xmlunit/xmlunit-core/2.8.2/xmlunit-core-2.8.2.jar:"/>
    <property name="sun.cpu.endian" value="little"/>
    <property name="user.home" value="/Users/vishnumadhav"/>
    <property name="user.language" value="en"/>
    <property name="java.specification.vendor" value="Oracle Corporation"/>
    <property name="java.version.date" value="2024-04-16"/>
    <property name="java.home" value="/Library/Java/JavaVirtualMachines/jdk-22.jdk/Contents/Home"/>
    <property name="file.separator" value="/"/>
    <property name="basedir" value="/Users/vishnumadhav/Desktop/web-scrapper-selenium"/>
    <property name="java.vm.compressedOopsMode" value="Zero based"/>
    <property name="line.separator" value="&#10;"/>
    <property name="java.vm.specification.vendor" value="Oracle Corporation"/>
    <property name="java.specification.name" value="Java Platform API Specification"/>
    <property name="apple.awt.application.name" value="ForkedBooter"/>
    <property name="surefire.real.class.path" value="/Users/vishnumadhav/Desktop/web-scrapper-selenium/target/surefire/surefirebooter14496818440817164559.jar"/>
    <property name="sun.management.compiler" value="HotSpot 64-Bit Tiered Compilers"/>
    <property name="ftp.nonProxyHosts" value="local|*.local|169.254/16|*.169.254/16"/>
    <property name="java.runtime.version" value="22.0.1+8-16"/>
    <property name="user.name" value="vishnumadhav"/>
    <property name="stdout.encoding" value="UTF-8"/>
    <property name="path.separator" value=":"/>
    <property name="os.version" value="14.5"/>
    <property name="java.runtime.name" value="Java(TM) SE Runtime Environment"/>
    <property name="file.encoding" value="UTF-8"/>
    <property name="java.vm.name" value="Java HotSpot(TM) 64-Bit Server VM"/>
    <property name="localRepository" value="/Users/vishnumadhav/.m2/repository"/>
    <property name="java.vendor.url.bug" value="https://bugreport.java.com/bugreport/"/>
    <property name="java.io.tmpdir" value="/var/folders/b9/5z540b4139jcl0zncj7wwwjw0000gn/T/"/>
    <property name="java.version" value="22.0.1"/>
    <property name="user.dir" value="/Users/vishnumadhav/Desktop/web-scrapper-selenium"/>
    <property name="os.arch" value="aarch64"/>
    <property name="java.vm.specification.name" value="Java Virtual Machine Specification"/>
    <property name="native.encoding" value="UTF-8"/>
    <property name="java.library.path" value="/Users/vishnumadhav/Library/Java/Extensions:/Library/Java/Extensions:/Network/Library/Java/Extensions:/System/Library/Java/Extensions:/usr/lib/java:."/>
    <property name="java.vm.info" value="mixed mode, sharing"/>
    <property name="stderr.encoding" value="UTF-8"/>
    <property name="java.vendor" value="Oracle Corporation"/>
    <property name="java.vm.version" value="22.0.1+8-16"/>
    <property name="sun.io.unicode.encoding" value="UnicodeBig"/>
    <property name="socksNonProxyHosts" value="local|*.local|169.254/16|*.169.254/16"/>
    <property name="java.class.version" value="66.0"/>
  </properties>
  <testcase name="contextLoads" classname="com.example.webscrapingfl.WebscrapingflApplicationTests" time="0.021">
    <error message="Failed to load ApplicationContext" type="java.lang.IllegalStateException">java.lang.IllegalStateException: Failed to load ApplicationContext
Caused by: java.lang.IllegalStateException: Failed to execute CommandLineRunner
Caused by: org.openqa.selenium.NoSuchElementException: 
no such element: Unable to locate element: {"method":"css selector","selector":"td:nth-child(2) > a"}
  (Session info: chrome=125.0.6422.142)
For documentation on this error, please visit: https://www.seleniumhq.org/exceptions/no_such_element.html
Build info: version: '3.141.59', revision: 'e82be7d358', time: '2018-11-14T08:17:03'
System info: host: 'Vishnus-MacBook-Pro.local', ip: 'fe80:0:0:0:14:b9f:1658:1d3%en0', os.name: 'Mac OS X', os.arch: 'aarch64', os.version: '14.5', java.version: '22.0.1'
Driver info: org.openqa.selenium.chrome.ChromeDriver
Capabilities {acceptInsecureCerts: false, browserName: chrome, browserVersion: 125.0.6422.142, chrome: {chromedriverVersion: 125.0.6422.141 (4b1e8393712..., userDataDir: /var/folders/b9/5z540b4139j...}, fedcm:accounts: true, goog:chromeOptions: {debuggerAddress: localhost:52891}, javascriptEnabled: true, networkConnectionEnabled: false, pageLoadStrategy: normal, platform: MAC, platformName: MAC, proxy: Proxy(), setWindowRect: true, strictFileInteractability: false, timeouts: {implicit: 0, pageLoad: 300000, script: 30000}, unhandledPromptBehavior: dismiss and notify, webauthn:extension:credBlob: true, webauthn:extension:largeBlob: true, webauthn:extension:minPinLength: true, webauthn:extension:prf: true, webauthn:virtualAuthenticators: true}
Session ID: db9c032e8322e538fee32b5c22805d07
*** Element info: {Using=css selector, value=td:nth-child(2) > a}
</error>
    <system-out><![CDATA[02:39:37.593 [main] DEBUG org.springframework.test.context.BootstrapUtils - Instantiating CacheAwareContextLoaderDelegate from class [org.springframework.test.context.cache.DefaultCacheAwareContextLoaderDelegate]
02:39:37.599 [main] DEBUG org.springframework.test.context.BootstrapUtils - Instantiating BootstrapContext using constructor [public org.springframework.test.context.support.DefaultBootstrapContext(java.lang.Class,org.springframework.test.context.CacheAwareContextLoaderDelegate)]
02:39:37.618 [main] DEBUG org.springframework.test.context.BootstrapUtils - Instantiating TestContextBootstrapper for test class [com.example.webscrapingfl.WebscrapingflApplicationTests] from class [org.springframework.boot.test.context.SpringBootTestContextBootstrapper]
02:39:37.631 [main] INFO org.springframework.boot.test.context.SpringBootTestContextBootstrapper - Neither @ContextConfiguration nor @ContextHierarchy found for test class [com.example.webscrapingfl.WebscrapingflApplicationTests], using SpringBootContextLoader
02:39:37.632 [main] DEBUG org.springframework.test.context.support.AbstractContextLoader - Did not detect default resource location for test class [com.example.webscrapingfl.WebscrapingflApplicationTests]: class path resource [com/example/webscrapingfl/WebscrapingflApplicationTests-context.xml] does not exist
02:39:37.633 [main] DEBUG org.springframework.test.context.support.AbstractContextLoader - Did not detect default resource location for test class [com.example.webscrapingfl.WebscrapingflApplicationTests]: class path resource [com/example/webscrapingfl/WebscrapingflApplicationTestsContext.groovy] does not exist
02:39:37.633 [main] INFO org.springframework.test.context.support.AbstractContextLoader - Could not detect default resource locations for test class [com.example.webscrapingfl.WebscrapingflApplicationTests]: no resource found for suffixes {-context.xml, Context.groovy}.
02:39:37.633 [main] INFO org.springframework.test.context.support.AnnotationConfigContextLoaderUtils - Could not detect default configuration classes for test class [com.example.webscrapingfl.WebscrapingflApplicationTests]: WebscrapingflApplicationTests does not declare any static, non-private, non-final, nested classes annotated with @Configuration.
02:39:37.660 [main] DEBUG org.springframework.test.context.support.ActiveProfilesUtils - Could not find an 'annotation declaring class' for annotation type [org.springframework.test.context.ActiveProfiles] and class [com.example.webscrapingfl.WebscrapingflApplicationTests]
02:39:37.686 [main] DEBUG org.springframework.context.annotation.ClassPathScanningCandidateComponentProvider - Identified candidate component class: file [/Users/vishnumadhav/Desktop/web-scrapper-selenium/target/classes/com/example/webscrapingfl/WebscrapingflApplication.class]
02:39:37.686 [main] INFO org.springframework.boot.test.context.SpringBootTestContextBootstrapper - Found @SpringBootConfiguration com.example.webscrapingfl.WebscrapingflApplication for test class com.example.webscrapingfl.WebscrapingflApplicationTests
02:39:37.738 [main] DEBUG org.springframework.boot.test.context.SpringBootTestContextBootstrapper - @TestExecutionListeners is not present for class [com.example.webscrapingfl.WebscrapingflApplicationTests]: using defaults.
02:39:37.738 [main] INFO org.springframework.boot.test.context.SpringBootTestContextBootstrapper - Loaded default TestExecutionListener class names from location [META-INF/spring.factories]: [org.springframework.boot.test.mock.mockito.MockitoTestExecutionListener, org.springframework.boot.test.mock.mockito.ResetMocksTestExecutionListener, org.springframework.boot.test.autoconfigure.restdocs.RestDocsTestExecutionListener, org.springframework.boot.test.autoconfigure.web.client.MockRestServiceServerResetTestExecutionListener, org.springframework.boot.test.autoconfigure.web.servlet.MockMvcPrintOnlyOnFailureTestExecutionListener, org.springframework.boot.test.autoconfigure.web.servlet.WebDriverTestExecutionListener, org.springframework.boot.test.autoconfigure.webservices.client.MockWebServiceServerTestExecutionListener, org.springframework.test.context.web.ServletTestExecutionListener, org.springframework.test.context.support.DirtiesContextBeforeModesTestExecutionListener, org.springframework.test.context.event.ApplicationEventsTestExecutionListener, org.springframework.test.context.support.DependencyInjectionTestExecutionListener, org.springframework.test.context.support.DirtiesContextTestExecutionListener, org.springframework.test.context.transaction.TransactionalTestExecutionListener, org.springframework.test.context.jdbc.SqlScriptsTestExecutionListener, org.springframework.test.context.event.EventPublishingTestExecutionListener]
02:39:37.742 [main] DEBUG org.springframework.boot.test.context.SpringBootTestContextBootstrapper - Skipping candidate TestExecutionListener [org.springframework.test.context.transaction.TransactionalTestExecutionListener] due to a missing dependency. Specify custom listener classes or make the default listener classes and their required dependencies available. Offending class: [org/springframework/transaction/TransactionDefinition]
02:39:37.742 [main] DEBUG org.springframework.boot.test.context.SpringBootTestContextBootstrapper - Skipping candidate TestExecutionListener [org.springframework.test.context.jdbc.SqlScriptsTestExecutionListener] due to a missing dependency. Specify custom listener classes or make the default listener classes and their required dependencies available. Offending class: [org/springframework/transaction/interceptor/TransactionAttribute]
02:39:37.742 [main] INFO org.springframework.boot.test.context.SpringBootTestContextBootstrapper - Using TestExecutionListeners: [org.springframework.test.context.web.ServletTestExecutionListener@22356acd, org.springframework.test.context.support.DirtiesContextBeforeModesTestExecutionListener@386f0da3, org.springframework.test.context.event.ApplicationEventsTestExecutionListener@39655d3e, org.springframework.boot.test.mock.mockito.MockitoTestExecutionListener@34f22f9d, org.springframework.boot.test.autoconfigure.SpringBootDependencyInjectionTestExecutionListener@3d1848cc, org.springframework.test.context.support.DirtiesContextTestExecutionListener@7dda48d9, org.springframework.test.context.event.EventPublishingTestExecutionListener@6e4566f1, org.springframework.boot.test.mock.mockito.ResetMocksTestExecutionListener@4b6e2263, org.springframework.boot.test.autoconfigure.restdocs.RestDocsTestExecutionListener@344f4dea, org.springframework.boot.test.autoconfigure.web.client.MockRestServiceServerResetTestExecutionListener@1b7c473a, org.springframework.boot.test.autoconfigure.web.servlet.MockMvcPrintOnlyOnFailureTestExecutionListener@5e4bd84a, org.springframework.boot.test.autoconfigure.web.servlet.WebDriverTestExecutionListener@648c94da, org.springframework.boot.test.autoconfigure.webservices.client.MockWebServiceServerTestExecutionListener@2a62b5bc]
02:39:37.744 [main] DEBUG org.springframework.test.context.support.AbstractDirtiesContextTestExecutionListener - Before test class: context [DefaultTestContext@62ef27a8 testClass = WebscrapingflApplicationTests, testInstance = [null], testMethod = [null], testException = [null], mergedContextConfiguration = [WebMergedContextConfiguration@6436a7db testClass = WebscrapingflApplicationTests, locations = '{}', classes = '{class com.example.webscrapingfl.WebscrapingflApplication}', contextInitializerClasses = '[]', activeProfiles = '{}', propertySourceLocations = '{}', propertySourceProperties = '{org.springframework.boot.test.context.SpringBootTestContextBootstrapper=true}', contextCustomizers = set[org.springframework.boot.test.context.filter.ExcludeFilterContextCustomizer@4310d43, org.springframework.boot.test.json.DuplicateJsonObjectContextCustomizerFactory$DuplicateJsonObjectContextCustomizer@47d9a273, org.springframework.boot.test.mock.mockito.MockitoContextCustomizer@0, org.springframework.boot.test.web.client.TestRestTemplateContextCustomizer@272113c4, org.springframework.boot.test.autoconfigure.actuate.metrics.MetricsExportContextCustomizerFactory$DisableMetricExportContextCustomizer@4f80542f, org.springframework.boot.test.autoconfigure.properties.PropertyMappingContextCustomizer@0, org.springframework.boot.test.autoconfigure.web.servlet.WebDriverContextCustomizerFactory$Customizer@45099dd3, org.springframework.boot.test.context.SpringBootTestArgs@1, org.springframework.boot.test.context.SpringBootTestWebEnvironment@140e5a13], resourceBasePath = 'src/main/webapp', contextLoader = 'org.springframework.boot.test.context.SpringBootContextLoader', parent = [null]], attributes = map['org.springframework.test.context.web.ServletTestExecutionListener.activateListener' -> true]], class annotated with @DirtiesContext [false] with mode [null].
02:39:37.757 [main] DEBUG org.springframework.test.context.support.TestPropertySourceUtils - Adding inlined properties to environment: {spring.jmx.enabled=false, org.springframework.boot.test.context.SpringBootTestContextBootstrapper=true}

  .   ____          _            __ _ _
 /\\ / ___'_ __ _ _(_)_ __  __ _ \ \ \ \
( ( )\___ | '_ | '_| | '_ \/ _` | \ \ \ \
 \\/  ___)| |_)| | | | | || (_| |  ) ) ) )
  '  |____| .__|_| |_|_| |_\__, | / / / /
 =========|_|==============|___/=/_/_/_/
&amp#27;[32m :: Spring Boot :: &amp#27;[39m              &amp#27;[2m (v2.5.4)&amp#27;[0;39m

&amp#27;[2m2024-06-10 02:39:37.904&amp#27;[0;39m &amp#27;[32m INFO&amp#27;[0;39m &amp#27;[35m47031&amp#27;[0;39m &amp#27;[2m---&amp#27;[0;39m &amp#27;[2m[           main]&amp#27;[0;39m &amp#27;[36mc.e.w.WebscrapingflApplicationTests     &amp#27;[0;39m &amp#27;[2m:&amp#27;[0;39m Starting WebscrapingflApplicationTests using Java 22.0.1 on Vishnus-MacBook-Pro.local with PID 47031 (started by vishnumadhav in /Users/vishnumadhav/Desktop/web-scrapper-selenium)
&amp#27;[2m2024-06-10 02:39:37.905&amp#27;[0;39m &amp#27;[32m INFO&amp#27;[0;39m &amp#27;[35m47031&amp#27;[0;39m &amp#27;[2m---&amp#27;[0;39m &amp#27;[2m[           main]&amp#27;[0;39m &amp#27;[36mc.e.w.WebscrapingflApplicationTests     &amp#27;[0;39m &amp#27;[2m:&amp#27;[0;39m No active profile set, falling back to default profiles: default
&amp#27;[2m2024-06-10 02:39:38.527&amp#27;[0;39m &amp#27;[32m INFO&amp#27;[0;39m &amp#27;[35m47031&amp#27;[0;39m &amp#27;[2m---&amp#27;[0;39m &amp#27;[2m[           main]&amp#27;[0;39m &amp#27;[36mc.e.w.WebscrapingflApplicationTests     &amp#27;[0;39m &amp#27;[2m:&amp#27;[0;39m Started WebscrapingflApplicationTests in 0.766 seconds (JVM running for 1.27)
&amp#27;[2m2024-06-10 02:39:41.670&amp#27;[0;39m &amp#27;[32m INFO&amp#27;[0;39m &amp#27;[35m47031&amp#27;[0;39m &amp#27;[2m---&amp#27;[0;39m &amp#27;[2m[ null to remote]&amp#27;[0;39m &amp#27;[36mo.o.selenium.remote.ProtocolHandshake   &amp#27;[0;39m &amp#27;[2m:&amp#27;[0;39m Detected dialect: W3C
Page loaded: https://elcinema.com/en/index/work/category/
&amp#27;[2m2024-06-10 02:39:46.724&amp#27;[0;39m &amp#27;[32m INFO&amp#27;[0;39m &amp#27;[35m47031&amp#27;[0;39m &amp#27;[2m---&amp#27;[0;39m &amp#27;[2m[           main]&amp#27;[0;39m &amp#27;[36mConditionEvaluationReportLoggingListener&amp#27;[0;39m &amp#27;[2m:&amp#27;[0;39m 

Error starting ApplicationContext. To display the conditions report re-run your application with 'debug' enabled.
&amp#27;[2m2024-06-10 02:39:46.763&amp#27;[0;39m &amp#27;[31mERROR&amp#27;[0;39m &amp#27;[35m47031&amp#27;[0;39m &amp#27;[2m---&amp#27;[0;39m &amp#27;[2m[           main]&amp#27;[0;39m &amp#27;[36mo.s.boot.SpringApplication              &amp#27;[0;39m &amp#27;[2m:&amp#27;[0;39m Application run failed

java.lang.IllegalStateException: Failed to execute CommandLineRunner
	at org.springframework.boot.SpringApplication.callRunner(SpringApplication.java:794) ~[spring-boot-2.5.4.jar:2.5.4]
	at org.springframework.boot.SpringApplication.callRunners(SpringApplication.java:775) ~[spring-boot-2.5.4.jar:2.5.4]
	at org.springframework.boot.SpringApplication.run(SpringApplication.java:345) ~[spring-boot-2.5.4.jar:2.5.4]
	at org.springframework.boot.test.context.SpringBootContextLoader.loadContext(SpringBootContextLoader.java:123) ~[spring-boot-test-2.5.4.jar:2.5.4]
	at org.springframework.test.context.cache.DefaultCacheAwareContextLoaderDelegate.loadContextInternal(DefaultCacheAwareContextLoaderDelegate.java:99) ~[spring-test-5.3.9.jar:5.3.9]
	at org.springframework.test.context.cache.DefaultCacheAwareContextLoaderDelegate.loadContext(DefaultCacheAwareContextLoaderDelegate.java:124) ~[spring-test-5.3.9.jar:5.3.9]
	at org.springframework.test.context.support.DefaultTestContext.getApplicationContext(DefaultTestContext.java:124) ~[spring-test-5.3.9.jar:5.3.9]
	at org.springframework.test.context.web.ServletTestExecutionListener.setUpRequestContextIfNecessary(ServletTestExecutionListener.java:190) ~[spring-test-5.3.9.jar:5.3.9]
	at org.springframework.test.context.web.ServletTestExecutionListener.prepareTestInstance(ServletTestExecutionListener.java:132) ~[spring-test-5.3.9.jar:5.3.9]
	at org.springframework.test.context.TestContextManager.prepareTestInstance(TestContextManager.java:244) ~[spring-test-5.3.9.jar:5.3.9]
	at org.springframework.test.context.junit.jupiter.SpringExtension.postProcessTestInstance(SpringExtension.java:138) ~[spring-test-5.3.9.jar:5.3.9]
	at org.junit.jupiter.engine.descriptor.ClassBasedTestDescriptor.lambda$invokeTestInstancePostProcessors$6(ClassBasedTestDescriptor.java:350) ~[junit-jupiter-engine-5.7.2.jar:5.7.2]
	at org.junit.jupiter.engine.descriptor.ClassBasedTestDescriptor.executeAndMaskThrowable(ClassBasedTestDescriptor.java:355) ~[junit-jupiter-engine-5.7.2.jar:5.7.2]
	at org.junit.jupiter.engine.descriptor.ClassBasedTestDescriptor.lambda$invokeTestInstancePostProcessors$7(ClassBasedTestDescriptor.java:350) ~[junit-jupiter-engine-5.7.2.jar:5.7.2]
	at java.base/java.util.stream.ReferencePipeline$3$1.accept(ReferencePipeline.java:212) ~[na:na]
	at java.base/java.util.stream.ReferencePipeline$2$1.accept(ReferencePipeline.java:194) ~[na:na]
	at java.base/java.util.ArrayList$ArrayListSpliterator.forEachRemaining(ArrayList.java:1709) ~[na:na]
	at java.base/java.util.stream.AbstractPipeline.copyInto(AbstractPipeline.java:556) ~[na:na]
	at java.base/java.util.stream.AbstractPipeline.wrapAndCopyInto(AbstractPipeline.java:546) ~[na:na]
	at java.base/java.util.stream.StreamSpliterators$WrappingSpliterator.forEachRemaining(StreamSpliterators.java:310) ~[na:na]
	at java.base/java.util.stream.Streams$ConcatSpliterator.forEachRemaining(Streams.java:735) ~[na:na]
	at java.base/java.util.stream.Streams$ConcatSpliterator.forEachRemaining(Streams.java:734) ~[na:na]
	at java.base/java.util.stream.ReferencePipeline$Head.forEach(ReferencePipeline.java:782) ~[na:na]
	at org.junit.jupiter.engine.descriptor.ClassBasedTestDescriptor.invokeTestInstancePostProcessors(ClassBasedTestDescriptor.java:349) ~[junit-jupiter-engine-5.7.2.jar:5.7.2]
	at org.junit.jupiter.engine.descriptor.ClassBasedTestDescriptor.lambda$instantiateAndPostProcessTestInstance$4(ClassBasedTestDescriptor.java:270) ~[junit-jupiter-engine-5.7.2.jar:5.7.2]
	at org.junit.platform.engine.support.hierarchical.ThrowableCollector.execute(ThrowableCollector.java:73) ~[junit-platform-engine-1.7.2.jar:1.7.2]
	at org.junit.jupiter.engine.descriptor.ClassBasedTestDescriptor.instantiateAndPostProcessTestInstance(ClassBasedTestDescriptor.java:269) ~[junit-jupiter-engine-5.7.2.jar:5.7.2]
	at org.junit.jupiter.engine.descriptor.ClassBasedTestDescriptor.lambda$testInstancesProvider$2(ClassBasedTestDescriptor.java:259) ~[junit-jupiter-engine-5.7.2.jar:5.7.2]
	at java.base/java.util.Optional.orElseGet(Optional.java:364) ~[na:na]
	at org.junit.jupiter.engine.descriptor.ClassBasedTestDescriptor.lambda$testInstancesProvider$3(ClassBasedTestDescriptor.java:258) ~[junit-jupiter-engine-5.7.2.jar:5.7.2]
	at org.junit.jupiter.engine.execution.TestInstancesProvider.getTestInstances(TestInstancesProvider.java:31) ~[junit-jupiter-engine-5.7.2.jar:5.7.2]
	at org.junit.jupiter.engine.descriptor.TestMethodTestDescriptor.lambda$prepare$0(TestMethodTestDescriptor.java:101) ~[junit-jupiter-engine-5.7.2.jar:5.7.2]
	at org.junit.platform.engine.support.hierarchical.ThrowableCollector.execute(ThrowableCollector.java:73) ~[junit-platform-engine-1.7.2.jar:1.7.2]
	at org.junit.jupiter.engine.descriptor.TestMethodTestDescriptor.prepare(TestMethodTestDescriptor.java:100) ~[junit-jupiter-engine-5.7.2.jar:5.7.2]
	at org.junit.jupiter.engine.descriptor.TestMethodTestDescriptor.prepare(TestMethodTestDescriptor.java:65) ~[junit-jupiter-engine-5.7.2.jar:5.7.2]
	at org.junit.platform.engine.support.hierarchical.NodeTestTask.lambda$prepare$1(NodeTestTask.java:111) ~[junit-platform-engine-1.7.2.jar:1.7.2]
	at org.junit.platform.engine.support.hierarchical.ThrowableCollector.execute(ThrowableCollector.java:73) ~[junit-platform-engine-1.7.2.jar:1.7.2]
	at org.junit.platform.engine.support.hierarchical.NodeTestTask.prepare(NodeTestTask.java:111) ~[junit-platform-engine-1.7.2.jar:1.7.2]
	at org.junit.platform.engine.support.hierarchical.NodeTestTask.execute(NodeTestTask.java:79) ~[junit-platform-engine-1.7.2.jar:1.7.2]
	at java.base/java.util.ArrayList.forEach(ArrayList.java:1597) ~[na:na]
	at org.junit.platform.engine.support.hierarchical.SameThreadHierarchicalTestExecutorService.invokeAll(SameThreadHierarchicalTestExecutorService.java:38) ~[junit-platform-engine-1.7.2.jar:1.7.2]
	at org.junit.platform.engine.support.hierarchical.NodeTestTask.lambda$executeRecursively$5(NodeTestTask.java:143) ~[junit-platform-engine-1.7.2.jar:1.7.2]
	at org.junit.platform.engine.support.hierarchical.ThrowableCollector.execute(ThrowableCollector.java:73) ~[junit-platform-engine-1.7.2.jar:1.7.2]
	at org.junit.platform.engine.support.hierarchical.NodeTestTask.lambda$executeRecursively$7(NodeTestTask.java:129) ~[junit-platform-engine-1.7.2.jar:1.7.2]
	at org.junit.platform.engine.support.hierarchical.Node.around(Node.java:137) ~[junit-platform-engine-1.7.2.jar:1.7.2]
	at org.junit.platform.engine.support.hierarchical.NodeTestTask.lambda$executeRecursively$8(NodeTestTask.java:127) ~[junit-platform-engine-1.7.2.jar:1.7.2]
	at org.junit.platform.engine.support.hierarchical.ThrowableCollector.execute(ThrowableCollector.java:73) ~[junit-platform-engine-1.7.2.jar:1.7.2]
	at org.junit.platform.engine.support.hierarchical.NodeTestTask.executeRecursively(NodeTestTask.java:126) ~[junit-platform-engine-1.7.2.jar:1.7.2]
	at org.junit.platform.engine.support.hierarchical.NodeTestTask.execute(NodeTestTask.java:84) ~[junit-platform-engine-1.7.2.jar:1.7.2]
	at java.base/java.util.ArrayList.forEach(ArrayList.java:1597) ~[na:na]
	at org.junit.platform.engine.support.hierarchical.SameThreadHierarchicalTestExecutorService.invokeAll(SameThreadHierarchicalTestExecutorService.java:38) ~[junit-platform-engine-1.7.2.jar:1.7.2]
	at org.junit.platform.engine.support.hierarchical.NodeTestTask.lambda$executeRecursively$5(NodeTestTask.java:143) ~[junit-platform-engine-1.7.2.jar:1.7.2]
	at org.junit.platform.engine.support.hierarchical.ThrowableCollector.execute(ThrowableCollector.java:73) ~[junit-platform-engine-1.7.2.jar:1.7.2]
	at org.junit.platform.engine.support.hierarchical.NodeTestTask.lambda$executeRecursively$7(NodeTestTask.java:129) ~[junit-platform-engine-1.7.2.jar:1.7.2]
	at org.junit.platform.engine.support.hierarchical.Node.around(Node.java:137) ~[junit-platform-engine-1.7.2.jar:1.7.2]
	at org.junit.platform.engine.support.hierarchical.NodeTestTask.lambda$executeRecursively$8(NodeTestTask.java:127) ~[junit-platform-engine-1.7.2.jar:1.7.2]
	at org.junit.platform.engine.support.hierarchical.ThrowableCollector.execute(ThrowableCollector.java:73) ~[junit-platform-engine-1.7.2.jar:1.7.2]
	at org.junit.platform.engine.support.hierarchical.NodeTestTask.executeRecursively(NodeTestTask.java:126) ~[junit-platform-engine-1.7.2.jar:1.7.2]
	at org.junit.platform.engine.support.hierarchical.NodeTestTask.execute(NodeTestTask.java:84) ~[junit-platform-engine-1.7.2.jar:1.7.2]
	at org.junit.platform.engine.support.hierarchical.SameThreadHierarchicalTestExecutorService.submit(SameThreadHierarchicalTestExecutorService.java:32) ~[junit-platform-engine-1.7.2.jar:1.7.2]
	at org.junit.platform.engine.support.hierarchical.HierarchicalTestExecutor.execute(HierarchicalTestExecutor.java:57) ~[junit-platform-engine-1.7.2.jar:1.7.2]
	at org.junit.platform.engine.support.hierarchical.HierarchicalTestEngine.execute(HierarchicalTestEngine.java:51) ~[junit-platform-engine-1.7.2.jar:1.7.2]
	at org.junit.platform.launcher.core.DefaultLauncher.execute(DefaultLauncher.java:220) ~[junit-platform-launcher-1.3.1.jar:1.3.1]
	at org.junit.platform.launcher.core.DefaultLauncher.lambda$execute$6(DefaultLauncher.java:188) ~[junit-platform-launcher-1.3.1.jar:1.3.1]
	at org.junit.platform.launcher.core.DefaultLauncher.withInterceptedStreams(DefaultLauncher.java:202) ~[junit-platform-launcher-1.3.1.jar:1.3.1]
	at org.junit.platform.launcher.core.DefaultLauncher.execute(DefaultLauncher.java:181) ~[junit-platform-launcher-1.3.1.jar:1.3.1]
	at org.junit.platform.launcher.core.DefaultLauncher.execute(DefaultLauncher.java:128) ~[junit-platform-launcher-1.3.1.jar:1.3.1]
	at org.apache.maven.surefire.junitplatform.JUnitPlatformProvider.invokeAllTests(JUnitPlatformProvider.java:150) ~[surefire-junit-platform-2.22.2.jar:2.22.2]
	at org.apache.maven.surefire.junitplatform.JUnitPlatformProvider.invoke(JUnitPlatformProvider.java:124) ~[surefire-junit-platform-2.22.2.jar:2.22.2]
	at org.apache.maven.surefire.booter.ForkedBooter.invokeProviderInSameClassLoader(ForkedBooter.java:384) ~[surefire-booter-2.22.2.jar:2.22.2]
	at org.apache.maven.surefire.booter.ForkedBooter.runSuitesInProcess(ForkedBooter.java:345) ~[surefire-booter-2.22.2.jar:2.22.2]
	at org.apache.maven.surefire.booter.ForkedBooter.execute(ForkedBooter.java:126) ~[surefire-booter-2.22.2.jar:2.22.2]
	at org.apache.maven.surefire.booter.ForkedBooter.main(ForkedBooter.java:418) ~[surefire-booter-2.22.2.jar:2.22.2]
Caused by: org.openqa.selenium.NoSuchElementException: no such element: Unable to locate element: {"method":"css selector","selector":"td:nth-child(2) > a"}
  (Session info: chrome=125.0.6422.142)
For documentation on this error, please visit: https://www.seleniumhq.org/exceptions/no_such_element.html
Build info: version: '3.141.59', revision: 'e82be7d358', time: '2018-11-14T08:17:03'
System info: host: 'Vishnus-MacBook-Pro.local', ip: 'fe80:0:0:0:14:b9f:1658:1d3%en0', os.name: 'Mac OS X', os.arch: 'aarch64', os.version: '14.5', java.version: '22.0.1'
Driver info: org.openqa.selenium.chrome.ChromeDriver
Capabilities {acceptInsecureCerts: false, browserName: chrome, browserVersion: 125.0.6422.142, chrome: {chromedriverVersion: 125.0.6422.141 (4b1e8393712..., userDataDir: /var/folders/b9/5z540b4139j...}, fedcm:accounts: true, goog:chromeOptions: {debuggerAddress: localhost:52891}, javascriptEnabled: true, networkConnectionEnabled: false, pageLoadStrategy: normal, platform: MAC, platformName: MAC, proxy: Proxy(), setWindowRect: true, strictFileInteractability: false, timeouts: {implicit: 0, pageLoad: 300000, script: 30000}, unhandledPromptBehavior: dismiss and notify, webauthn:extension:credBlob: true, webauthn:extension:largeBlob: true, webauthn:extension:minPinLength: true, webauthn:extension:prf: true, webauthn:virtualAuthenticators: true}
Session ID: db9c032e8322e538fee32b5c22805d07
*** Element info: {Using=css selector, value=td:nth-child(2) > a}
	at java.base/jdk.internal.reflect.DirectConstructorHandleAccessor.newInstance(DirectConstructorHandleAccessor.java:62) ~[na:na]
	at java.base/java.lang.reflect.Constructor.newInstanceWithCaller(Constructor.java:502) ~[na:na]
	at java.base/java.lang.reflect.Constructor.newInstance(Constructor.java:486) ~[na:na]
	at org.openqa.selenium.remote.http.W3CHttpResponseCodec.createException(W3CHttpResponseCodec.java:187) ~[selenium-remote-driver-3.141.59.jar:na]
	at org.openqa.selenium.remote.http.W3CHttpResponseCodec.decode(W3CHttpResponseCodec.java:122) ~[selenium-remote-driver-3.141.59.jar:na]
	at org.openqa.selenium.remote.http.W3CHttpResponseCodec.decode(W3CHttpResponseCodec.java:49) ~[selenium-remote-driver-3.141.59.jar:na]
	at org.openqa.selenium.remote.HttpCommandExecutor.execute(HttpCommandExecutor.java:158) ~[selenium-remote-driver-3.141.59.jar:na]
	at org.openqa.selenium.remote.service.DriverCommandExecutor.execute(DriverCommandExecutor.java:83) ~[selenium-remote-driver-3.141.59.jar:na]
	at org.openqa.selenium.remote.RemoteWebDriver.execute(RemoteWebDriver.java:552) ~[selenium-remote-driver-3.141.59.jar:na]
	at org.openqa.selenium.remote.RemoteWebElement.execute(RemoteWebElement.java:285) ~[selenium-remote-driver-3.141.59.jar:na]
	at org.openqa.selenium.remote.RemoteWebElement.findElement(RemoteWebElement.java:185) ~[selenium-remote-driver-3.141.59.jar:na]
	at org.openqa.selenium.remote.RemoteWebElement.findElementByCssSelector(RemoteWebElement.java:253) ~[selenium-remote-driver-3.141.59.jar:na]
	at org.openqa.selenium.By$ByCssSelector.findElement(By.java:431) ~[selenium-api-3.141.59.jar:na]
	at org.openqa.selenium.remote.RemoteWebElement.findElement(RemoteWebElement.java:181) ~[selenium-remote-driver-3.141.59.jar:na]
	at com.example.webscrapingfl.scrapper.ScrapeTVShows.scrapeTVShows(ScrapeTVShows.java:27) ~[classes/:na]
	at com.example.webscrapingfl.WebscrapingflApplication.lambda$commandLineRunner$0(WebscrapingflApplication.java:38) ~[classes/:na]
	at org.springframework.boot.SpringApplication.callRunner(SpringApplication.java:791) ~[spring-boot-2.5.4.jar:2.5.4]
	... 72 common frames omitted

&amp#27;[2m2024-06-10 02:39:46.776&amp#27;[0;39m &amp#27;[31mERROR&amp#27;[0;39m &amp#27;[35m47031&amp#27;[0;39m &amp#27;[2m---&amp#27;[0;39m &amp#27;[2m[           main]&amp#27;[0;39m &amp#27;[36mo.s.test.context.TestContextManager     &amp#27;[0;39m &amp#27;[2m:&amp#27;[0;39m Caught exception while allowing TestExecutionListener [org.springframework.test.context.web.ServletTestExecutionListener@22356acd] to prepare test instance [com.example.webscrapingfl.WebscrapingflApplicationTests@5d124d29]

java.lang.IllegalStateException: Failed to load ApplicationContext
	at org.springframework.test.context.cache.DefaultCacheAwareContextLoaderDelegate.loadContext(DefaultCacheAwareContextLoaderDelegate.java:132) ~[spring-test-5.3.9.jar:5.3.9]
	at org.springframework.test.context.support.DefaultTestContext.getApplicationContext(DefaultTestContext.java:124) ~[spring-test-5.3.9.jar:5.3.9]
	at org.springframework.test.context.web.ServletTestExecutionListener.setUpRequestContextIfNecessary(ServletTestExecutionListener.java:190) ~[spring-test-5.3.9.jar:5.3.9]
	at org.springframework.test.context.web.ServletTestExecutionListener.prepareTestInstance(ServletTestExecutionListener.java:132) ~[spring-test-5.3.9.jar:5.3.9]
	at org.springframework.test.context.TestContextManager.prepareTestInstance(TestContextManager.java:244) ~[spring-test-5.3.9.jar:5.3.9]
	at org.springframework.test.context.junit.jupiter.SpringExtension.postProcessTestInstance(SpringExtension.java:138) ~[spring-test-5.3.9.jar:5.3.9]
	at org.junit.jupiter.engine.descriptor.ClassBasedTestDescriptor.lambda$invokeTestInstancePostProcessors$6(ClassBasedTestDescriptor.java:350) ~[junit-jupiter-engine-5.7.2.jar:5.7.2]
	at org.junit.jupiter.engine.descriptor.ClassBasedTestDescriptor.executeAndMaskThrowable(ClassBasedTestDescriptor.java:355) ~[junit-jupiter-engine-5.7.2.jar:5.7.2]
	at org.junit.jupiter.engine.descriptor.ClassBasedTestDescriptor.lambda$invokeTestInstancePostProcessors$7(ClassBasedTestDescriptor.java:350) ~[junit-jupiter-engine-5.7.2.jar:5.7.2]
	at java.base/java.util.stream.ReferencePipeline$3$1.accept(ReferencePipeline.java:212) ~[na:na]
	at java.base/java.util.stream.ReferencePipeline$2$1.accept(ReferencePipeline.java:194) ~[na:na]
	at java.base/java.util.ArrayList$ArrayListSpliterator.forEachRemaining(ArrayList.java:1709) ~[na:na]
	at java.base/java.util.stream.AbstractPipeline.copyInto(AbstractPipeline.java:556) ~[na:na]
	at java.base/java.util.stream.AbstractPipeline.wrapAndCopyInto(AbstractPipeline.java:546) ~[na:na]
	at java.base/java.util.stream.StreamSpliterators$WrappingSpliterator.forEachRemaining(StreamSpliterators.java:310) ~[na:na]
	at java.base/java.util.stream.Streams$ConcatSpliterator.forEachRemaining(Streams.java:735) ~[na:na]
	at java.base/java.util.stream.Streams$ConcatSpliterator.forEachRemaining(Streams.java:734) ~[na:na]
	at java.base/java.util.stream.ReferencePipeline$Head.forEach(ReferencePipeline.java:782) ~[na:na]
	at org.junit.jupiter.engine.descriptor.ClassBasedTestDescriptor.invokeTestInstancePostProcessors(ClassBasedTestDescriptor.java:349) ~[junit-jupiter-engine-5.7.2.jar:5.7.2]
	at org.junit.jupiter.engine.descriptor.ClassBasedTestDescriptor.lambda$instantiateAndPostProcessTestInstance$4(ClassBasedTestDescriptor.java:270) ~[junit-jupiter-engine-5.7.2.jar:5.7.2]
	at org.junit.platform.engine.support.hierarchical.ThrowableCollector.execute(ThrowableCollector.java:73) ~[junit-platform-engine-1.7.2.jar:1.7.2]
	at org.junit.jupiter.engine.descriptor.ClassBasedTestDescriptor.instantiateAndPostProcessTestInstance(ClassBasedTestDescriptor.java:269) ~[junit-jupiter-engine-5.7.2.jar:5.7.2]
	at org.junit.jupiter.engine.descriptor.ClassBasedTestDescriptor.lambda$testInstancesProvider$2(ClassBasedTestDescriptor.java:259) ~[junit-jupiter-engine-5.7.2.jar:5.7.2]
	at java.base/java.util.Optional.orElseGet(Optional.java:364) ~[na:na]
	at org.junit.jupiter.engine.descriptor.ClassBasedTestDescriptor.lambda$testInstancesProvider$3(ClassBasedTestDescriptor.java:258) ~[junit-jupiter-engine-5.7.2.jar:5.7.2]
	at org.junit.jupiter.engine.execution.TestInstancesProvider.getTestInstances(TestInstancesProvider.java:31) ~[junit-jupiter-engine-5.7.2.jar:5.7.2]
	at org.junit.jupiter.engine.descriptor.TestMethodTestDescriptor.lambda$prepare$0(TestMethodTestDescriptor.java:101) ~[junit-jupiter-engine-5.7.2.jar:5.7.2]
	at org.junit.platform.engine.support.hierarchical.ThrowableCollector.execute(ThrowableCollector.java:73) ~[junit-platform-engine-1.7.2.jar:1.7.2]
	at org.junit.jupiter.engine.descriptor.TestMethodTestDescriptor.prepare(TestMethodTestDescriptor.java:100) ~[junit-jupiter-engine-5.7.2.jar:5.7.2]
	at org.junit.jupiter.engine.descriptor.TestMethodTestDescriptor.prepare(TestMethodTestDescriptor.java:65) ~[junit-jupiter-engine-5.7.2.jar:5.7.2]
	at org.junit.platform.engine.support.hierarchical.NodeTestTask.lambda$prepare$1(NodeTestTask.java:111) ~[junit-platform-engine-1.7.2.jar:1.7.2]
	at org.junit.platform.engine.support.hierarchical.ThrowableCollector.execute(ThrowableCollector.java:73) ~[junit-platform-engine-1.7.2.jar:1.7.2]
	at org.junit.platform.engine.support.hierarchical.NodeTestTask.prepare(NodeTestTask.java:111) ~[junit-platform-engine-1.7.2.jar:1.7.2]
	at org.junit.platform.engine.support.hierarchical.NodeTestTask.execute(NodeTestTask.java:79) ~[junit-platform-engine-1.7.2.jar:1.7.2]
	at java.base/java.util.ArrayList.forEach(ArrayList.java:1597) ~[na:na]
	at org.junit.platform.engine.support.hierarchical.SameThreadHierarchicalTestExecutorService.invokeAll(SameThreadHierarchicalTestExecutorService.java:38) ~[junit-platform-engine-1.7.2.jar:1.7.2]
	at org.junit.platform.engine.support.hierarchical.NodeTestTask.lambda$executeRecursively$5(NodeTestTask.java:143) ~[junit-platform-engine-1.7.2.jar:1.7.2]
	at org.junit.platform.engine.support.hierarchical.ThrowableCollector.execute(ThrowableCollector.java:73) ~[junit-platform-engine-1.7.2.jar:1.7.2]
	at org.junit.platform.engine.support.hierarchical.NodeTestTask.lambda$executeRecursively$7(NodeTestTask.java:129) ~[junit-platform-engine-1.7.2.jar:1.7.2]
	at org.junit.platform.engine.support.hierarchical.Node.around(Node.java:137) ~[junit-platform-engine-1.7.2.jar:1.7.2]
	at org.junit.platform.engine.support.hierarchical.NodeTestTask.lambda$executeRecursively$8(NodeTestTask.java:127) ~[junit-platform-engine-1.7.2.jar:1.7.2]
	at org.junit.platform.engine.support.hierarchical.ThrowableCollector.execute(ThrowableCollector.java:73) ~[junit-platform-engine-1.7.2.jar:1.7.2]
	at org.junit.platform.engine.support.hierarchical.NodeTestTask.executeRecursively(NodeTestTask.java:126) ~[junit-platform-engine-1.7.2.jar:1.7.2]
	at org.junit.platform.engine.support.hierarchical.NodeTestTask.execute(NodeTestTask.java:84) ~[junit-platform-engine-1.7.2.jar:1.7.2]
	at java.base/java.util.ArrayList.forEach(ArrayList.java:1597) ~[na:na]
	at org.junit.platform.engine.support.hierarchical.SameThreadHierarchicalTestExecutorService.invokeAll(SameThreadHierarchicalTestExecutorService.java:38) ~[junit-platform-engine-1.7.2.jar:1.7.2]
	at org.junit.platform.engine.support.hierarchical.NodeTestTask.lambda$executeRecursively$5(NodeTestTask.java:143) ~[junit-platform-engine-1.7.2.jar:1.7.2]
	at org.junit.platform.engine.support.hierarchical.ThrowableCollector.execute(ThrowableCollector.java:73) ~[junit-platform-engine-1.7.2.jar:1.7.2]
	at org.junit.platform.engine.support.hierarchical.NodeTestTask.lambda$executeRecursively$7(NodeTestTask.java:129) ~[junit-platform-engine-1.7.2.jar:1.7.2]
	at org.junit.platform.engine.support.hierarchical.Node.around(Node.java:137) ~[junit-platform-engine-1.7.2.jar:1.7.2]
	at org.junit.platform.engine.support.hierarchical.NodeTestTask.lambda$executeRecursively$8(NodeTestTask.java:127) ~[junit-platform-engine-1.7.2.jar:1.7.2]
	at org.junit.platform.engine.support.hierarchical.ThrowableCollector.execute(ThrowableCollector.java:73) ~[junit-platform-engine-1.7.2.jar:1.7.2]
	at org.junit.platform.engine.support.hierarchical.NodeTestTask.executeRecursively(NodeTestTask.java:126) ~[junit-platform-engine-1.7.2.jar:1.7.2]
	at org.junit.platform.engine.support.hierarchical.NodeTestTask.execute(NodeTestTask.java:84) ~[junit-platform-engine-1.7.2.jar:1.7.2]
	at org.junit.platform.engine.support.hierarchical.SameThreadHierarchicalTestExecutorService.submit(SameThreadHierarchicalTestExecutorService.java:32) ~[junit-platform-engine-1.7.2.jar:1.7.2]
	at org.junit.platform.engine.support.hierarchical.HierarchicalTestExecutor.execute(HierarchicalTestExecutor.java:57) ~[junit-platform-engine-1.7.2.jar:1.7.2]
	at org.junit.platform.engine.support.hierarchical.HierarchicalTestEngine.execute(HierarchicalTestEngine.java:51) ~[junit-platform-engine-1.7.2.jar:1.7.2]
	at org.junit.platform.launcher.core.DefaultLauncher.execute(DefaultLauncher.java:220) ~[junit-platform-launcher-1.3.1.jar:1.3.1]
	at org.junit.platform.launcher.core.DefaultLauncher.lambda$execute$6(DefaultLauncher.java:188) ~[junit-platform-launcher-1.3.1.jar:1.3.1]
	at org.junit.platform.launcher.core.DefaultLauncher.withInterceptedStreams(DefaultLauncher.java:202) ~[junit-platform-launcher-1.3.1.jar:1.3.1]
	at org.junit.platform.launcher.core.DefaultLauncher.execute(DefaultLauncher.java:181) ~[junit-platform-launcher-1.3.1.jar:1.3.1]
	at org.junit.platform.launcher.core.DefaultLauncher.execute(DefaultLauncher.java:128) ~[junit-platform-launcher-1.3.1.jar:1.3.1]
	at org.apache.maven.surefire.junitplatform.JUnitPlatformProvider.invokeAllTests(JUnitPlatformProvider.java:150) ~[surefire-junit-platform-2.22.2.jar:2.22.2]
	at org.apache.maven.surefire.junitplatform.JUnitPlatformProvider.invoke(JUnitPlatformProvider.java:124) ~[surefire-junit-platform-2.22.2.jar:2.22.2]
	at org.apache.maven.surefire.booter.ForkedBooter.invokeProviderInSameClassLoader(ForkedBooter.java:384) ~[surefire-booter-2.22.2.jar:2.22.2]
	at org.apache.maven.surefire.booter.ForkedBooter.runSuitesInProcess(ForkedBooter.java:345) ~[surefire-booter-2.22.2.jar:2.22.2]
	at org.apache.maven.surefire.booter.ForkedBooter.execute(ForkedBooter.java:126) ~[surefire-booter-2.22.2.jar:2.22.2]
	at org.apache.maven.surefire.booter.ForkedBooter.main(ForkedBooter.java:418) ~[surefire-booter-2.22.2.jar:2.22.2]
Caused by: java.lang.IllegalStateException: Failed to execute CommandLineRunner
	at org.springframework.boot.SpringApplication.callRunner(SpringApplication.java:794) ~[spring-boot-2.5.4.jar:2.5.4]
	at org.springframework.boot.SpringApplication.callRunners(SpringApplication.java:775) ~[spring-boot-2.5.4.jar:2.5.4]
	at org.springframework.boot.SpringApplication.run(SpringApplication.java:345) ~[spring-boot-2.5.4.jar:2.5.4]
	at org.springframework.boot.test.context.SpringBootContextLoader.loadContext(SpringBootContextLoader.java:123) ~[spring-boot-test-2.5.4.jar:2.5.4]
	at org.springframework.test.context.cache.DefaultCacheAwareContextLoaderDelegate.loadContextInternal(DefaultCacheAwareContextLoaderDelegate.java:99) ~[spring-test-5.3.9.jar:5.3.9]
	at org.springframework.test.context.cache.DefaultCacheAwareContextLoaderDelegate.loadContext(DefaultCacheAwareContextLoaderDelegate.java:124) ~[spring-test-5.3.9.jar:5.3.9]
	... 67 common frames omitted
Caused by: org.openqa.selenium.NoSuchElementException: no such element: Unable to locate element: {"method":"css selector","selector":"td:nth-child(2) > a"}
  (Session info: chrome=125.0.6422.142)
For documentation on this error, please visit: https://www.seleniumhq.org/exceptions/no_such_element.html
Build info: version: '3.141.59', revision: 'e82be7d358', time: '2018-11-14T08:17:03'
System info: host: 'Vishnus-MacBook-Pro.local', ip: 'fe80:0:0:0:14:b9f:1658:1d3%en0', os.name: 'Mac OS X', os.arch: 'aarch64', os.version: '14.5', java.version: '22.0.1'
Driver info: org.openqa.selenium.chrome.ChromeDriver
Capabilities {acceptInsecureCerts: false, browserName: chrome, browserVersion: 125.0.6422.142, chrome: {chromedriverVersion: 125.0.6422.141 (4b1e8393712..., userDataDir: /var/folders/b9/5z540b4139j...}, fedcm:accounts: true, goog:chromeOptions: {debuggerAddress: localhost:52891}, javascriptEnabled: true, networkConnectionEnabled: false, pageLoadStrategy: normal, platform: MAC, platformName: MAC, proxy: Proxy(), setWindowRect: true, strictFileInteractability: false, timeouts: {implicit: 0, pageLoad: 300000, script: 30000}, unhandledPromptBehavior: dismiss and notify, webauthn:extension:credBlob: true, webauthn:extension:largeBlob: true, webauthn:extension:minPinLength: true, webauthn:extension:prf: true, webauthn:virtualAuthenticators: true}
Session ID: db9c032e8322e538fee32b5c22805d07
*** Element info: {Using=css selector, value=td:nth-child(2) > a}
	at java.base/jdk.internal.reflect.DirectConstructorHandleAccessor.newInstance(DirectConstructorHandleAccessor.java:62) ~[na:na]
	at java.base/java.lang.reflect.Constructor.newInstanceWithCaller(Constructor.java:502) ~[na:na]
	at java.base/java.lang.reflect.Constructor.newInstance(Constructor.java:486) ~[na:na]
	at org.openqa.selenium.remote.http.W3CHttpResponseCodec.createException(W3CHttpResponseCodec.java:187) ~[selenium-remote-driver-3.141.59.jar:na]
	at org.openqa.selenium.remote.http.W3CHttpResponseCodec.decode(W3CHttpResponseCodec.java:122) ~[selenium-remote-driver-3.141.59.jar:na]
	at org.openqa.selenium.remote.http.W3CHttpResponseCodec.decode(W3CHttpResponseCodec.java:49) ~[selenium-remote-driver-3.141.59.jar:na]
	at org.openqa.selenium.remote.HttpCommandExecutor.execute(HttpCommandExecutor.java:158) ~[selenium-remote-driver-3.141.59.jar:na]
	at org.openqa.selenium.remote.service.DriverCommandExecutor.execute(DriverCommandExecutor.java:83) ~[selenium-remote-driver-3.141.59.jar:na]
	at org.openqa.selenium.remote.RemoteWebDriver.execute(RemoteWebDriver.java:552) ~[selenium-remote-driver-3.141.59.jar:na]
	at org.openqa.selenium.remote.RemoteWebElement.execute(RemoteWebElement.java:285) ~[selenium-remote-driver-3.141.59.jar:na]
	at org.openqa.selenium.remote.RemoteWebElement.findElement(RemoteWebElement.java:185) ~[selenium-remote-driver-3.141.59.jar:na]
	at org.openqa.selenium.remote.RemoteWebElement.findElementByCssSelector(RemoteWebElement.java:253) ~[selenium-remote-driver-3.141.59.jar:na]
	at org.openqa.selenium.By$ByCssSelector.findElement(By.java:431) ~[selenium-api-3.141.59.jar:na]
	at org.openqa.selenium.remote.RemoteWebElement.findElement(RemoteWebElement.java:181) ~[selenium-remote-driver-3.141.59.jar:na]
	at com.example.webscrapingfl.scrapper.ScrapeTVShows.scrapeTVShows(ScrapeTVShows.java:27) ~[classes/:na]
	at com.example.webscrapingfl.WebscrapingflApplication.lambda$commandLineRunner$0(WebscrapingflApplication.java:38) ~[classes/:na]
	at org.springframework.boot.SpringApplication.callRunner(SpringApplication.java:791) ~[spring-boot-2.5.4.jar:2.5.4]
	... 72 common frames omitted

]]></system-out>
    <system-err><![CDATA[Starting ChromeDriver 125.0.6422.141 (4b1e83937122185343ba92e909b021f307c719ca-refs/branch-heads/6422@{#1186}) on port 28289
Only local connections are allowed.
Please see https://chromedriver.chromium.org/security-considerations for suggestions on keeping ChromeDriver safe.
ChromeDriver was started successfully.
]]></system-err>
  </testcase>
</testsuite>